mode: set
github.com/VerifiedOrganic/onboard/main.go:6.13,8.2 1 0
github.com/VerifiedOrganic/onboard/internal/ignore/ignore.go:24.28,24.49 1 1
github.com/VerifiedOrganic/onboard/cmd/doctor.go:21.49,23.17 2 0
github.com/VerifiedOrganic/onboard/cmd/doctor.go:23.17,25.4 1 0
github.com/VerifiedOrganic/onboard/cmd/doctor.go:26.3,26.24 1 0
github.com/VerifiedOrganic/onboard/cmd/doctor.go:26.24,28.18 2 0
github.com/VerifiedOrganic/onboard/cmd/doctor.go:28.18,30.5 1 0
github.com/VerifiedOrganic/onboard/cmd/doctor.go:31.4,31.27 1 0
github.com/VerifiedOrganic/onboard/cmd/doctor.go:34.3,35.25 2 0
github.com/VerifiedOrganic/onboard/cmd/doctor.go:35.25,37.40 2 0
github.com/VerifiedOrganic/onboard/cmd/doctor.go:37.40,39.13 2 0
github.com/VerifiedOrganic/onboard/cmd/doctor.go:41.4,43.15 3 0
github.com/VerifiedOrganic/onboard/cmd/doctor.go:43.15,46.5 2 0
github.com/VerifiedOrganic/onboard/cmd/doctor.go:47.4,49.29 2 0
github.com/VerifiedOrganic/onboard/cmd/doctor.go:49.29,51.5 1 0
github.com/VerifiedOrganic/onboard/cmd/doctor.go:52.4,52.33 1 0
github.com/VerifiedOrganic/onboard/cmd/doctor.go:52.33,54.5 1 0
github.com/VerifiedOrganic/onboard/cmd/doctor.go:57.3,57.17 1 0
github.com/VerifiedOrganic/onboard/cmd/doctor.go:57.17,60.4 2 0
github.com/VerifiedOrganic/onboard/cmd/doctor.go:61.3,61.19 1 0
github.com/VerifiedOrganic/onboard/cmd/doctor.go:61.19,63.4 1 0
github.com/VerifiedOrganic/onboard/cmd/doctor.go:64.3,65.13 2 0
github.com/VerifiedOrganic/onboard/cmd/doctor.go:69.13,72.2 2 1
github.com/VerifiedOrganic/onboard/cmd/init.go:18.49,20.17 2 0
github.com/VerifiedOrganic/onboard/cmd/init.go:20.17,22.4 1 0
github.com/VerifiedOrganic/onboard/cmd/init.go:23.3,24.17 2 0
github.com/VerifiedOrganic/onboard/cmd/init.go:24.17,26.4 1 0
github.com/VerifiedOrganic/onboard/cmd/init.go:28.3,31.25 4 0
github.com/VerifiedOrganic/onboard/cmd/init.go:31.25,32.27 1 0
github.com/VerifiedOrganic/onboard/cmd/init.go:32.27,34.13 2 0
github.com/VerifiedOrganic/onboard/cmd/init.go:36.4,38.18 3 0
github.com/VerifiedOrganic/onboard/cmd/init.go:38.18,40.5 1 0
github.com/VerifiedOrganic/onboard/cmd/init.go:40.10,42.5 1 0
github.com/VerifiedOrganic/onboard/cmd/init.go:43.4,43.18 1 0
github.com/VerifiedOrganic/onboard/cmd/init.go:43.18,46.13 3 0
github.com/VerifiedOrganic/onboard/cmd/init.go:48.4,48.39 1 0
github.com/VerifiedOrganic/onboard/cmd/init.go:50.3,50.17 1 0
github.com/VerifiedOrganic/onboard/cmd/init.go:50.17,53.4 2 0
github.com/VerifiedOrganic/onboard/cmd/init.go:54.3,54.17 1 0
github.com/VerifiedOrganic/onboard/cmd/init.go:54.17,56.4 1 0
github.com/VerifiedOrganic/onboard/cmd/init.go:56.9,58.4 1 0
github.com/VerifiedOrganic/onboard/cmd/init.go:59.3,59.19 1 0
github.com/VerifiedOrganic/onboard/cmd/init.go:59.19,61.4 1 0
github.com/VerifiedOrganic/onboard/cmd/init.go:62.3,62.13 1 0
github.com/VerifiedOrganic/onboard/cmd/init.go:66.13,69.2 2 1
github.com/VerifiedOrganic/onboard/cmd/install.go:29.49,31.17 2 0
github.com/VerifiedOrganic/onboard/cmd/install.go:31.17,33.4 1 0
github.com/VerifiedOrganic/onboard/cmd/install.go:35.3,36.17 2 0
github.com/VerifiedOrganic/onboard/cmd/install.go:36.17,38.4 1 0
github.com/VerifiedOrganic/onboard/cmd/install.go:39.3,39.24 1 0
github.com/VerifiedOrganic/onboard/cmd/install.go:39.24,42.4 2 0
github.com/VerifiedOrganic/onboard/cmd/install.go:44.3,45.29 2 0
github.com/VerifiedOrganic/onboard/cmd/install.go:45.29,47.21 2 0
github.com/VerifiedOrganic/onboard/cmd/install.go:47.21,49.5 1 0
github.com/VerifiedOrganic/onboard/cmd/install.go:49.10,51.5 1 0
github.com/VerifiedOrganic/onboard/cmd/install.go:52.4,52.18 1 0
github.com/VerifiedOrganic/onboard/cmd/install.go:52.18,55.13 3 0
github.com/VerifiedOrganic/onboard/cmd/install.go:57.4,57.42 1 0
github.com/VerifiedOrganic/onboard/cmd/install.go:59.3,59.20 1 0
github.com/VerifiedOrganic/onboard/cmd/install.go:59.20,61.4 1 0
github.com/VerifiedOrganic/onboard/cmd/install.go:61.9,63.4 1 0
github.com/VerifiedOrganic/onboard/cmd/install.go:64.3,64.19 1 0
github.com/VerifiedOrganic/onboard/cmd/install.go:64.19,66.4 1 0
github.com/VerifiedOrganic/onboard/cmd/install.go:67.3,67.13 1 0
github.com/VerifiedOrganic/onboard/cmd/install.go:71.57,73.12 2 0
github.com/VerifiedOrganic/onboard/cmd/install.go:73.12,75.3 1 0
github.com/VerifiedOrganic/onboard/cmd/install.go:76.2,77.121 1 0
github.com/VerifiedOrganic/onboard/cmd/install.go:80.41,81.16 1 0
github.com/VerifiedOrganic/onboard/cmd/install.go:82.16,83.23 1 0
github.com/VerifiedOrganic/onboard/cmd/install.go:84.18,85.24 1 0
github.com/VerifiedOrganic/onboard/cmd/install.go:86.19,87.25 1 0
github.com/VerifiedOrganic/onboard/cmd/install.go:88.17,89.24 1 0
github.com/VerifiedOrganic/onboard/cmd/install.go:90.10,91.27 1 0
github.com/VerifiedOrganic/onboard/cmd/install.go:95.34,96.12 1 0
github.com/VerifiedOrganic/onboard/cmd/install.go:96.12,98.3 1 0
github.com/VerifiedOrganic/onboard/cmd/install.go:99.2,99.12 1 0
github.com/VerifiedOrganic/onboard/cmd/install.go:99.12,101.3 1 0
github.com/VerifiedOrganic/onboard/cmd/install.go:102.2,102.52 1 0
github.com/VerifiedOrganic/onboard/cmd/install.go:105.39,106.16 1 0
github.com/VerifiedOrganic/onboard/cmd/install.go:106.16,108.3 1 0
github.com/VerifiedOrganic/onboard/cmd/install.go:109.2,109.27 1 0
github.com/VerifiedOrganic/onboard/cmd/install.go:112.43,113.49 1 0
github.com/VerifiedOrganic/onboard/cmd/install.go:113.49,115.3 1 0
github.com/VerifiedOrganic/onboard/cmd/install.go:116.2,116.80 1 0
github.com/VerifiedOrganic/onboard/cmd/install.go:119.89,120.28 1 0
github.com/VerifiedOrganic/onboard/cmd/install.go:120.28,122.3 1 0
github.com/VerifiedOrganic/onboard/cmd/install.go:123.2,123.13 1 0
github.com/VerifiedOrganic/onboard/cmd/install.go:123.13,125.17 2 0
github.com/VerifiedOrganic/onboard/cmd/install.go:125.17,127.4 1 0
github.com/VerifiedOrganic/onboard/cmd/install.go:128.3,129.25 2 0
github.com/VerifiedOrganic/onboard/cmd/install.go:129.25,130.26 1 0
github.com/VerifiedOrganic/onboard/cmd/install.go:130.26,132.5 1 0
github.com/VerifiedOrganic/onboard/cmd/install.go:134.3,134.23 1 0
github.com/VerifiedOrganic/onboard/cmd/install.go:136.2,136.17 1 0
github.com/VerifiedOrganic/onboard/cmd/install.go:136.17,138.17 2 0
github.com/VerifiedOrganic/onboard/cmd/install.go:138.17,140.4 1 0
github.com/VerifiedOrganic/onboard/cmd/install.go:141.3,141.32 1 0
github.com/VerifiedOrganic/onboard/cmd/install.go:143.2,143.77 1 0
github.com/VerifiedOrganic/onboard/cmd/install.go:146.13,151.2 4 1
github.com/VerifiedOrganic/onboard/cmd/root.go:27.28,29.18 2 1
github.com/VerifiedOrganic/onboard/cmd/root.go:29.18,31.21 2 0
github.com/VerifiedOrganic/onboard/cmd/root.go:31.21,33.4 1 0
github.com/VerifiedOrganic/onboard/cmd/root.go:34.3,34.26 1 0
github.com/VerifiedOrganic/onboard/cmd/root.go:36.2,36.16 1 1
github.com/VerifiedOrganic/onboard/cmd/root.go:36.16,38.3 1 0
github.com/VerifiedOrganic/onboard/cmd/root.go:39.2,39.10 1 1
github.com/VerifiedOrganic/onboard/cmd/root.go:60.16,61.42 1 0
github.com/VerifiedOrganic/onboard/cmd/root.go:61.42,64.3 2 0
github.com/VerifiedOrganic/onboard/cmd/serve.go:38.49,43.22 4 0
github.com/VerifiedOrganic/onboard/cmd/serve.go:43.22,45.37 1 0
github.com/VerifiedOrganic/onboard/cmd/serve.go:45.37,45.49 1 0
github.com/VerifiedOrganic/onboard/cmd/serve.go:48.4,49.19 2 0
github.com/VerifiedOrganic/onboard/cmd/serve.go:49.19,51.5 1 0
github.com/VerifiedOrganic/onboard/cmd/serve.go:52.4,69.14 10 0
github.com/VerifiedOrganic/onboard/cmd/serve.go:69.14,71.5 1 0
github.com/VerifiedOrganic/onboard/cmd/serve.go:72.4,72.11 1 0
github.com/VerifiedOrganic/onboard/cmd/serve.go:73.24,74.45 1 0
github.com/VerifiedOrganic/onboard/cmd/serve.go:74.45,76.6 1 0
github.com/VerifiedOrganic/onboard/cmd/serve.go:77.5,77.15 1 0
github.com/VerifiedOrganic/onboard/cmd/serve.go:78.22,81.37 3 0
github.com/VerifiedOrganic/onboard/cmd/serve.go:85.3,85.43 1 0
github.com/VerifiedOrganic/onboard/cmd/serve.go:89.96,91.2 1 1
github.com/VerifiedOrganic/onboard/cmd/serve.go:99.141,100.71 1 1
github.com/VerifiedOrganic/onboard/cmd/serve.go:100.71,103.21 3 1
github.com/VerifiedOrganic/onboard/cmd/serve.go:103.21,105.4 1 1
github.com/VerifiedOrganic/onboard/cmd/serve.go:106.3,106.16 1 1
github.com/VerifiedOrganic/onboard/cmd/serve.go:106.16,108.22 2 1
github.com/VerifiedOrganic/onboard/cmd/serve.go:108.22,110.5 1 1
github.com/VerifiedOrganic/onboard/cmd/serve.go:111.4,111.21 1 1
github.com/VerifiedOrganic/onboard/cmd/serve.go:111.21,119.5 1 0
github.com/VerifiedOrganic/onboard/cmd/serve.go:121.3,121.56 1 1
github.com/VerifiedOrganic/onboard/cmd/serve.go:121.56,122.22 1 1
github.com/VerifiedOrganic/onboard/cmd/serve.go:122.22,124.5 1 1
github.com/VerifiedOrganic/onboard/cmd/serve.go:125.4,127.10 3 1
github.com/VerifiedOrganic/onboard/cmd/serve.go:129.3,129.40 1 1
github.com/VerifiedOrganic/onboard/cmd/serve.go:129.40,131.4 1 1
github.com/VerifiedOrganic/onboard/cmd/serve.go:132.3,132.25 1 1
github.com/VerifiedOrganic/onboard/cmd/serve.go:141.50,144.2 2 1
github.com/VerifiedOrganic/onboard/cmd/serve.go:146.55,148.2 1 0
github.com/VerifiedOrganic/onboard/cmd/serve.go:150.34,151.50 1 0
github.com/VerifiedOrganic/onboard/cmd/serve.go:151.50,153.3 1 0
github.com/VerifiedOrganic/onboard/cmd/serve.go:156.80,157.71 1 1
github.com/VerifiedOrganic/onboard/cmd/serve.go:157.71,158.56 1 1
github.com/VerifiedOrganic/onboard/cmd/serve.go:158.56,162.4 3 1
github.com/VerifiedOrganic/onboard/cmd/serve.go:163.3,166.143 4 1
github.com/VerifiedOrganic/onboard/cmd/serve.go:170.53,173.37 3 1
github.com/VerifiedOrganic/onboard/cmd/serve.go:173.37,175.3 1 1
github.com/VerifiedOrganic/onboard/cmd/serve.go:176.2,177.67 2 1
github.com/VerifiedOrganic/onboard/cmd/serve.go:180.13,185.2 4 1
github.com/VerifiedOrganic/onboard/cmd/skills.go:14.49,16.17 2 0
github.com/VerifiedOrganic/onboard/cmd/skills.go:16.17,18.4 1 0
github.com/VerifiedOrganic/onboard/cmd/skills.go:19.3,19.24 1 0
github.com/VerifiedOrganic/onboard/cmd/skills.go:19.24,22.4 2 0
github.com/VerifiedOrganic/onboard/cmd/skills.go:23.3,25.29 3 0
github.com/VerifiedOrganic/onboard/cmd/skills.go:25.29,27.19 2 0
github.com/VerifiedOrganic/onboard/cmd/skills.go:27.19,29.5 1 0
github.com/VerifiedOrganic/onboard/cmd/skills.go:31.3,31.13 1 0
github.com/VerifiedOrganic/onboard/cmd/skills.go:35.39,37.17 2 0
github.com/VerifiedOrganic/onboard/cmd/skills.go:37.17,39.3 1 0
github.com/VerifiedOrganic/onboard/cmd/skills.go:40.2,40.30 1 0
github.com/VerifiedOrganic/onboard/cmd/skills.go:43.13,45.2 1 1
github.com/VerifiedOrganic/onboard/cmd/uninstall.go:27.49,29.17 2 0
github.com/VerifiedOrganic/onboard/cmd/uninstall.go:29.17,31.4 1 0
github.com/VerifiedOrganic/onboard/cmd/uninstall.go:32.3,32.24 1 0
github.com/VerifiedOrganic/onboard/cmd/uninstall.go:32.24,35.4 2 0
github.com/VerifiedOrganic/onboard/cmd/uninstall.go:37.3,38.29 2 0
github.com/VerifiedOrganic/onboard/cmd/uninstall.go:38.29,40.23 2 0
github.com/VerifiedOrganic/onboard/cmd/uninstall.go:40.23,42.5 1 0
github.com/VerifiedOrganic/onboard/cmd/uninstall.go:42.10,44.5 1 0
github.com/VerifiedOrganic/onboard/cmd/uninstall.go:45.4,45.18 1 0
github.com/VerifiedOrganic/onboard/cmd/uninstall.go:45.18,48.13 3 0
github.com/VerifiedOrganic/onboard/cmd/uninstall.go:50.4,50.46 1 0
github.com/VerifiedOrganic/onboard/cmd/uninstall.go:52.3,52.22 1 0
github.com/VerifiedOrganic/onboard/cmd/uninstall.go:52.22,54.4 1 0
github.com/VerifiedOrganic/onboard/cmd/uninstall.go:55.3,55.19 1 0
github.com/VerifiedOrganic/onboard/cmd/uninstall.go:55.19,57.4 1 0
github.com/VerifiedOrganic/onboard/cmd/uninstall.go:58.3,58.13 1 0
github.com/VerifiedOrganic/onboard/cmd/uninstall.go:62.59,64.12 2 0
github.com/VerifiedOrganic/onboard/cmd/uninstall.go:64.12,66.3 1 0
github.com/VerifiedOrganic/onboard/cmd/uninstall.go:67.2,68.60 1 0
github.com/VerifiedOrganic/onboard/cmd/uninstall.go:71.13,76.2 4 1
github.com/VerifiedOrganic/onboard/internal/guide/guide.go:37.31,38.49 1 1
github.com/VerifiedOrganic/onboard/internal/guide/guide.go:38.49,40.3 1 1
github.com/VerifiedOrganic/onboard/internal/guide/guide.go:41.2,41.50 1 1
github.com/VerifiedOrganic/onboard/internal/guide/guide.go:45.39,49.16 4 1
github.com/VerifiedOrganic/onboard/internal/guide/guide.go:49.16,50.25 1 1
github.com/VerifiedOrganic/onboard/internal/guide/guide.go:50.25,52.4 1 1
github.com/VerifiedOrganic/onboard/internal/guide/guide.go:53.3,53.16 1 0
github.com/VerifiedOrganic/onboard/internal/guide/guide.go:55.2,57.15 3 1
github.com/VerifiedOrganic/onboard/internal/guide/guide.go:62.68,63.39 1 1
github.com/VerifiedOrganic/onboard/internal/guide/guide.go:63.39,65.3 1 1
github.com/VerifiedOrganic/onboard/internal/guide/guide.go:66.2,67.60 2 1
github.com/VerifiedOrganic/onboard/internal/guide/guide.go:67.60,69.3 1 0
github.com/VerifiedOrganic/onboard/internal/guide/guide.go:70.2,75.16 6 1
github.com/VerifiedOrganic/onboard/internal/guide/guide.go:75.16,77.3 1 0
github.com/VerifiedOrganic/onboard/internal/guide/guide.go:78.2,80.15 3 1
github.com/VerifiedOrganic/onboard/internal/guide/guide.go:80.15,81.14 1 1
github.com/VerifiedOrganic/onboard/internal/guide/guide.go:81.14,83.4 1 0
github.com/VerifiedOrganic/onboard/internal/guide/guide.go:85.2,85.52 1 1
github.com/VerifiedOrganic/onboard/internal/guide/guide.go:85.52,88.3 2 0
github.com/VerifiedOrganic/onboard/internal/guide/guide.go:89.2,89.41 1 1
github.com/VerifiedOrganic/onboard/internal/guide/guide.go:89.41,92.3 2 0
github.com/VerifiedOrganic/onboard/internal/guide/guide.go:93.2,93.36 1 1
github.com/VerifiedOrganic/onboard/internal/guide/guide.go:93.36,95.3 1 0
github.com/VerifiedOrganic/onboard/internal/guide/guide.go:96.2,96.46 1 1
github.com/VerifiedOrganic/onboard/internal/guide/guide.go:96.46,98.3 1 0
github.com/VerifiedOrganic/onboard/internal/guide/guide.go:99.2,100.15 2 1
github.com/VerifiedOrganic/onboard/internal/guide/guide.go:103.30,106.2 1 1
github.com/VerifiedOrganic/onboard/internal/guide/guide.go:108.45,110.59 2 1
github.com/VerifiedOrganic/onboard/internal/guide/guide.go:110.59,112.3 1 0
github.com/VerifiedOrganic/onboard/internal/guide/guide.go:113.2,114.13 2 1
github.com/VerifiedOrganic/onboard/internal/guide/guide.go:114.13,116.3 1 0
github.com/VerifiedOrganic/onboard/internal/guide/guide.go:117.2,119.50 3 1
github.com/VerifiedOrganic/onboard/internal/guide/guide.go:119.50,121.10 2 1
github.com/VerifiedOrganic/onboard/internal/guide/guide.go:122.40,123.63 1 1
github.com/VerifiedOrganic/onboard/internal/guide/guide.go:124.43,125.69 1 1
github.com/VerifiedOrganic/onboard/internal/guide/guide.go:126.46,127.75 1 1
github.com/VerifiedOrganic/onboard/internal/guide/guide.go:128.41,129.65 1 1
github.com/VerifiedOrganic/onboard/internal/guide/guide.go:132.2,132.16 1 1
github.com/VerifiedOrganic/onboard/internal/agents/agent_config.go:23.65,24.17 1 1
github.com/VerifiedOrganic/onboard/internal/agents/agent_config.go:25.27,26.63 1 1
github.com/VerifiedOrganic/onboard/internal/agents/agent_config.go:27.36,28.72 1 0
github.com/VerifiedOrganic/onboard/internal/agents/agent_config.go:29.25,30.61 1 0
github.com/VerifiedOrganic/onboard/internal/agents/agent_config.go:31.27,33.43 2 1
github.com/VerifiedOrganic/onboard/internal/agents/agent_config.go:35.2,35.45 1 0
github.com/VerifiedOrganic/onboard/internal/agents/agent_config.go:41.74,44.16 3 1
github.com/VerifiedOrganic/onboard/internal/agents/agent_config.go:44.16,45.25 1 1
github.com/VerifiedOrganic/onboard/internal/agents/agent_config.go:45.25,47.4 1 1
github.com/VerifiedOrganic/onboard/internal/agents/agent_config.go:48.3,48.22 1 0
github.com/VerifiedOrganic/onboard/internal/agents/agent_config.go:50.2,50.47 1 1
github.com/VerifiedOrganic/onboard/internal/agents/agent_config.go:50.47,52.3 1 0
github.com/VerifiedOrganic/onboard/internal/agents/agent_config.go:53.2,54.54 2 1
github.com/VerifiedOrganic/onboard/internal/agents/agent_config.go:54.54,56.20 2 1
github.com/VerifiedOrganic/onboard/internal/agents/agent_config.go:56.20,58.4 1 0
github.com/VerifiedOrganic/onboard/internal/agents/agent_config.go:59.3,59.46 1 1
github.com/VerifiedOrganic/onboard/internal/agents/agent_config.go:59.46,61.4 1 0
github.com/VerifiedOrganic/onboard/internal/agents/agent_config.go:62.3,62.36 1 1
github.com/VerifiedOrganic/onboard/internal/agents/agent_config.go:64.2,65.24 2 1
github.com/VerifiedOrganic/onboard/internal/agents/agent_config.go:65.24,67.3 1 1
github.com/VerifiedOrganic/onboard/internal/agents/agent_config.go:68.2,68.22 1 1
github.com/VerifiedOrganic/onboard/internal/agents/agent_config.go:71.62,72.63 1 1
github.com/VerifiedOrganic/onboard/internal/agents/agent_config.go:72.63,74.3 1 0
github.com/VerifiedOrganic/onboard/internal/agents/agent_config.go:75.2,76.16 2 1
github.com/VerifiedOrganic/onboard/internal/agents/agent_config.go:76.16,78.3 1 0
github.com/VerifiedOrganic/onboard/internal/agents/agent_config.go:79.2,79.50 1 1
github.com/VerifiedOrganic/onboard/internal/agents/agent_config.go:85.42,86.42 1 1
github.com/VerifiedOrganic/onboard/internal/agents/agent_config.go:86.42,88.3 1 1
github.com/VerifiedOrganic/onboard/internal/agents/agent_config.go:89.2,89.14 1 1
github.com/VerifiedOrganic/onboard/internal/agents/agent_config.go:94.48,96.20 2 1
github.com/VerifiedOrganic/onboard/internal/agents/agent_config.go:96.20,97.41 1 1
github.com/VerifiedOrganic/onboard/internal/agents/agent_config.go:97.41,98.26 1 1
github.com/VerifiedOrganic/onboard/internal/agents/agent_config.go:98.26,100.5 1 1
github.com/VerifiedOrganic/onboard/internal/agents/agent_config.go:101.4,101.18 1 0
github.com/VerifiedOrganic/onboard/internal/agents/agent_config.go:103.3,103.50 1 1
github.com/VerifiedOrganic/onboard/internal/agents/agent_config.go:107.75,109.21 2 1
github.com/VerifiedOrganic/onboard/internal/agents/agent_config.go:109.21,111.3 1 1
github.com/VerifiedOrganic/onboard/internal/agents/agent_config.go:112.2,113.9 2 1
github.com/VerifiedOrganic/onboard/internal/agents/agent_config.go:113.9,115.3 1 1
github.com/VerifiedOrganic/onboard/internal/agents/agent_config.go:116.2,116.15 1 1
github.com/VerifiedOrganic/onboard/internal/agents/agent_config.go:121.67,124.2 2 1
github.com/VerifiedOrganic/onboard/internal/agents/agent_config.go:126.81,128.2 1 1
github.com/VerifiedOrganic/onboard/internal/agents/agent_config.go:133.76,136.2 2 1
github.com/VerifiedOrganic/onboard/internal/agents/agent_config.go:138.90,140.2 1 1
github.com/VerifiedOrganic/onboard/internal/agents/agent_config.go:142.97,144.16 2 1
github.com/VerifiedOrganic/onboard/internal/agents/agent_config.go:144.16,146.3 1 1
github.com/VerifiedOrganic/onboard/internal/agents/agent_config.go:147.2,148.16 2 1
github.com/VerifiedOrganic/onboard/internal/agents/agent_config.go:148.16,150.3 1 1
github.com/VerifiedOrganic/onboard/internal/agents/agent_config.go:151.2,151.44 1 1
github.com/VerifiedOrganic/onboard/internal/agents/agent_config.go:151.44,153.10 2 1
github.com/VerifiedOrganic/onboard/internal/agents/agent_config.go:153.10,155.4 1 0
github.com/VerifiedOrganic/onboard/internal/agents/agent_config.go:156.3,158.19 3 1
github.com/VerifiedOrganic/onboard/internal/agents/agent_config.go:158.19,161.4 2 1
github.com/VerifiedOrganic/onboard/internal/agents/agent_config.go:162.3,162.15 1 1
github.com/VerifiedOrganic/onboard/internal/agents/agent_config.go:162.15,164.4 1 1
github.com/VerifiedOrganic/onboard/internal/agents/agent_config.go:165.3,165.53 1 1
github.com/VerifiedOrganic/onboard/internal/agents/agent_config.go:165.53,167.4 1 0
github.com/VerifiedOrganic/onboard/internal/agents/agent_config.go:168.3,168.72 1 1
github.com/VerifiedOrganic/onboard/internal/agents/agent_config.go:170.2,174.18 2 1
github.com/VerifiedOrganic/onboard/internal/agents/agent_config.go:174.18,177.3 2 1
github.com/VerifiedOrganic/onboard/internal/agents/agent_config.go:178.2,180.52 3 1
github.com/VerifiedOrganic/onboard/internal/agents/agent_config.go:180.52,182.3 1 0
github.com/VerifiedOrganic/onboard/internal/agents/agent_config.go:183.2,183.68 1 1
github.com/VerifiedOrganic/onboard/internal/agents/agent_config.go:189.65,192.2 2 1
github.com/VerifiedOrganic/onboard/internal/agents/agent_config.go:194.79,196.16 2 1
github.com/VerifiedOrganic/onboard/internal/agents/agent_config.go:196.16,198.3 1 0
github.com/VerifiedOrganic/onboard/internal/agents/agent_config.go:199.2,200.16 2 1
github.com/VerifiedOrganic/onboard/internal/agents/agent_config.go:200.16,202.3 1 0
github.com/VerifiedOrganic/onboard/internal/agents/agent_config.go:203.2,203.44 1 1
github.com/VerifiedOrganic/onboard/internal/agents/agent_config.go:203.44,205.10 2 1
github.com/VerifiedOrganic/onboard/internal/agents/agent_config.go:205.10,207.4 1 0
github.com/VerifiedOrganic/onboard/internal/agents/agent_config.go:208.3,210.62 3 1
github.com/VerifiedOrganic/onboard/internal/agents/agent_config.go:210.62,213.4 2 0
github.com/VerifiedOrganic/onboard/internal/agents/agent_config.go:214.3,214.41 1 1
github.com/VerifiedOrganic/onboard/internal/agents/agent_config.go:214.41,217.4 2 0
github.com/VerifiedOrganic/onboard/internal/agents/agent_config.go:218.3,218.15 1 1
github.com/VerifiedOrganic/onboard/internal/agents/agent_config.go:218.15,220.4 1 1
github.com/VerifiedOrganic/onboard/internal/agents/agent_config.go:221.3,221.53 1 1
github.com/VerifiedOrganic/onboard/internal/agents/agent_config.go:221.53,223.4 1 0
github.com/VerifiedOrganic/onboard/internal/agents/agent_config.go:224.3,224.72 1 1
github.com/VerifiedOrganic/onboard/internal/agents/agent_config.go:226.2,233.52 3 1
github.com/VerifiedOrganic/onboard/internal/agents/agent_config.go:233.52,235.3 1 0
github.com/VerifiedOrganic/onboard/internal/agents/agent_config.go:236.2,236.68 1 1
github.com/VerifiedOrganic/onboard/internal/agents/agent_config.go:241.57,242.63 1 1
github.com/VerifiedOrganic/onboard/internal/agents/agent_config.go:242.63,244.3 1 0
github.com/VerifiedOrganic/onboard/internal/agents/agent_config.go:245.2,246.48 2 1
github.com/VerifiedOrganic/onboard/internal/agents/agent_config.go:246.48,248.3 1 1
github.com/VerifiedOrganic/onboard/internal/agents/agent_config.go:252.2,252.67 1 1
github.com/VerifiedOrganic/onboard/internal/agents/agent_config.go:252.67,254.15 2 1
github.com/VerifiedOrganic/onboard/internal/agents/agent_config.go:254.15,256.4 1 1
github.com/VerifiedOrganic/onboard/internal/agents/agent_config.go:257.3,257.81 1 1
github.com/VerifiedOrganic/onboard/internal/agents/agent_config.go:257.81,259.4 1 0
github.com/VerifiedOrganic/onboard/internal/agents/agent_config.go:260.3,260.26 1 1
github.com/VerifiedOrganic/onboard/internal/agents/agent_config.go:262.2,262.58 1 1
github.com/VerifiedOrganic/onboard/internal/agents/agent_config.go:262.58,264.3 1 0
github.com/VerifiedOrganic/onboard/internal/agents/agent_config.go:265.2,266.85 2 1
github.com/VerifiedOrganic/onboard/internal/agents/agent_config.go:266.85,268.3 1 0
github.com/VerifiedOrganic/onboard/internal/agents/agent_config.go:269.2,269.24 1 1
github.com/VerifiedOrganic/onboard/internal/agents/agent_config.go:272.69,273.17 1 1
github.com/VerifiedOrganic/onboard/internal/agents/agent_config.go:274.27,275.63 1 0
github.com/VerifiedOrganic/onboard/internal/agents/agent_config.go:276.36,277.62 1 0
github.com/VerifiedOrganic/onboard/internal/agents/agent_config.go:278.25,279.49 1 0
github.com/VerifiedOrganic/onboard/internal/agents/agent_config.go:280.27,282.43 2 1
github.com/VerifiedOrganic/onboard/internal/agents/agent_config.go:284.2,284.45 1 0
github.com/VerifiedOrganic/onboard/internal/agents/agent_config.go:287.93,289.16 2 0
github.com/VerifiedOrganic/onboard/internal/agents/agent_config.go:289.16,291.3 1 0
github.com/VerifiedOrganic/onboard/internal/agents/agent_config.go:292.2,292.17 1 0
github.com/VerifiedOrganic/onboard/internal/agents/agent_config.go:292.17,294.3 1 0
github.com/VerifiedOrganic/onboard/internal/agents/agent_config.go:295.2,296.16 2 0
github.com/VerifiedOrganic/onboard/internal/agents/agent_config.go:296.16,298.3 1 0
github.com/VerifiedOrganic/onboard/internal/agents/agent_config.go:299.2,299.44 1 0
github.com/VerifiedOrganic/onboard/internal/agents/agent_config.go:299.44,301.10 2 0
github.com/VerifiedOrganic/onboard/internal/agents/agent_config.go:301.10,303.4 1 0
github.com/VerifiedOrganic/onboard/internal/agents/agent_config.go:304.3,306.19 3 0
github.com/VerifiedOrganic/onboard/internal/agents/agent_config.go:306.19,309.4 2 0
github.com/VerifiedOrganic/onboard/internal/agents/agent_config.go:310.3,310.14 1 0
github.com/VerifiedOrganic/onboard/internal/agents/agent_config.go:310.14,312.4 1 0
github.com/VerifiedOrganic/onboard/internal/agents/agent_config.go:313.3,313.54 1 0
github.com/VerifiedOrganic/onboard/internal/agents/agent_config.go:315.2,315.44 1 0
github.com/VerifiedOrganic/onboard/internal/agents/agent_config.go:318.67,320.16 2 0
github.com/VerifiedOrganic/onboard/internal/agents/agent_config.go:320.16,322.3 1 0
github.com/VerifiedOrganic/onboard/internal/agents/agent_config.go:323.2,323.17 1 0
github.com/VerifiedOrganic/onboard/internal/agents/agent_config.go:323.17,325.3 1 0
github.com/VerifiedOrganic/onboard/internal/agents/agent_config.go:326.2,327.16 2 0
github.com/VerifiedOrganic/onboard/internal/agents/agent_config.go:327.16,329.3 1 0
github.com/VerifiedOrganic/onboard/internal/agents/agent_config.go:330.2,330.44 1 0
github.com/VerifiedOrganic/onboard/internal/agents/agent_config.go:330.44,332.10 2 0
github.com/VerifiedOrganic/onboard/internal/agents/agent_config.go:332.10,334.4 1 0
github.com/VerifiedOrganic/onboard/internal/agents/agent_config.go:335.3,337.62 3 0
github.com/VerifiedOrganic/onboard/internal/agents/agent_config.go:337.62,339.4 1 0
github.com/VerifiedOrganic/onboard/internal/agents/agent_config.go:340.3,340.41 1 0
github.com/VerifiedOrganic/onboard/internal/agents/agent_config.go:340.41,342.4 1 0
github.com/VerifiedOrganic/onboard/internal/agents/agent_config.go:343.3,343.14 1 0
github.com/VerifiedOrganic/onboard/internal/agents/agent_config.go:343.14,345.4 1 0
github.com/VerifiedOrganic/onboard/internal/agents/agent_config.go:346.3,346.54 1 0
github.com/VerifiedOrganic/onboard/internal/agents/agent_config.go:348.2,348.44 1 0
github.com/VerifiedOrganic/onboard/internal/agents/agent_config.go:351.79,354.16 3 0
github.com/VerifiedOrganic/onboard/internal/agents/agent_config.go:354.16,355.25 1 0
github.com/VerifiedOrganic/onboard/internal/agents/agent_config.go:355.25,357.4 1 0
github.com/VerifiedOrganic/onboard/internal/agents/agent_config.go:358.3,358.29 1 0
github.com/VerifiedOrganic/onboard/internal/agents/agent_config.go:360.2,360.47 1 0
github.com/VerifiedOrganic/onboard/internal/agents/agent_config.go:360.47,362.3 1 0
github.com/VerifiedOrganic/onboard/internal/agents/agent_config.go:363.2,364.54 2 0
github.com/VerifiedOrganic/onboard/internal/agents/agent_config.go:364.54,366.20 2 0
github.com/VerifiedOrganic/onboard/internal/agents/agent_config.go:366.20,368.4 1 0
github.com/VerifiedOrganic/onboard/internal/agents/agent_config.go:369.3,369.42 1 0
github.com/VerifiedOrganic/onboard/internal/agents/agent_config.go:371.2,372.24 2 0
github.com/VerifiedOrganic/onboard/internal/agents/agent_config.go:372.24,374.3 1 0
github.com/VerifiedOrganic/onboard/internal/agents/agent_config.go:375.2,375.29 1 0
github.com/VerifiedOrganic/onboard/internal/agents/agent_config.go:378.53,380.16 2 1
github.com/VerifiedOrganic/onboard/internal/agents/agent_config.go:380.16,381.25 1 1
github.com/VerifiedOrganic/onboard/internal/agents/agent_config.go:381.25,383.4 1 1
github.com/VerifiedOrganic/onboard/internal/agents/agent_config.go:384.3,384.17 1 0
github.com/VerifiedOrganic/onboard/internal/agents/agent_config.go:386.2,387.67 2 0
github.com/VerifiedOrganic/onboard/internal/agents/agent_config.go:387.67,389.14 2 0
github.com/VerifiedOrganic/onboard/internal/agents/agent_config.go:389.14,391.4 1 0
github.com/VerifiedOrganic/onboard/internal/agents/agent_config.go:392.3,392.32 1 0
github.com/VerifiedOrganic/onboard/internal/agents/agent_config.go:394.2,394.24 1 0
github.com/VerifiedOrganic/onboard/internal/agents/agent_config.go:397.51,398.17 1 1
github.com/VerifiedOrganic/onboard/internal/agents/agent_config.go:399.57,401.43 2 1
github.com/VerifiedOrganic/onboard/internal/agents/agent_config.go:402.25,404.43 2 0
github.com/VerifiedOrganic/onboard/internal/agents/agent_config.go:405.27,407.43 2 1
github.com/VerifiedOrganic/onboard/internal/agents/agent_config.go:409.2,409.45 1 0
github.com/VerifiedOrganic/onboard/internal/agents/agent_config.go:412.55,413.17 1 0
github.com/VerifiedOrganic/onboard/internal/agents/agent_config.go:414.57,416.43 2 0
github.com/VerifiedOrganic/onboard/internal/agents/agent_config.go:417.25,419.43 2 0
github.com/VerifiedOrganic/onboard/internal/agents/agent_config.go:420.27,422.43 2 0
github.com/VerifiedOrganic/onboard/internal/agents/agent_config.go:424.2,424.45 1 0
github.com/VerifiedOrganic/onboard/internal/agents/agent_config.go:427.65,429.16 2 1
github.com/VerifiedOrganic/onboard/internal/agents/agent_config.go:429.16,431.3 1 0
github.com/VerifiedOrganic/onboard/internal/agents/agent_config.go:432.2,432.13 1 1
github.com/VerifiedOrganic/onboard/internal/agents/agent_config.go:432.13,434.3 1 0
github.com/VerifiedOrganic/onboard/internal/agents/agent_config.go:435.2,436.16 2 1
github.com/VerifiedOrganic/onboard/internal/agents/agent_config.go:436.16,438.3 1 0
github.com/VerifiedOrganic/onboard/internal/agents/agent_config.go:439.2,439.14 1 1
github.com/VerifiedOrganic/onboard/internal/agents/agent_config.go:439.14,441.3 1 0
github.com/VerifiedOrganic/onboard/internal/agents/agent_config.go:442.2,442.38 1 1
github.com/VerifiedOrganic/onboard/internal/agents/agent_config.go:442.38,444.3 1 0
github.com/VerifiedOrganic/onboard/internal/agents/agent_config.go:445.2,447.52 3 1
github.com/VerifiedOrganic/onboard/internal/agents/agent_config.go:447.52,449.3 1 0
github.com/VerifiedOrganic/onboard/internal/agents/agent_config.go:450.2,450.23 1 1
github.com/VerifiedOrganic/onboard/internal/agents/agent_config.go:453.69,455.16 2 0
github.com/VerifiedOrganic/onboard/internal/agents/agent_config.go:455.16,457.3 1 0
github.com/VerifiedOrganic/onboard/internal/agents/agent_config.go:458.2,458.13 1 0
github.com/VerifiedOrganic/onboard/internal/agents/agent_config.go:458.13,460.3 1 0
github.com/VerifiedOrganic/onboard/internal/agents/agent_config.go:461.2,462.16 2 0
github.com/VerifiedOrganic/onboard/internal/agents/agent_config.go:462.16,464.3 1 0
github.com/VerifiedOrganic/onboard/internal/agents/agent_config.go:465.2,465.14 1 0
github.com/VerifiedOrganic/onboard/internal/agents/agent_config.go:465.14,467.3 1 0
github.com/VerifiedOrganic/onboard/internal/agents/agent_config.go:468.2,468.38 1 0
github.com/VerifiedOrganic/onboard/internal/agents/agent_config.go:468.38,470.3 1 0
github.com/VerifiedOrganic/onboard/internal/agents/agent_config.go:471.2,471.23 1 0
github.com/VerifiedOrganic/onboard/internal/agents/agent_config.go:474.70,476.16 2 1
github.com/VerifiedOrganic/onboard/internal/agents/agent_config.go:476.16,477.25 1 0
github.com/VerifiedOrganic/onboard/internal/agents/agent_config.go:477.25,479.4 1 0
github.com/VerifiedOrganic/onboard/internal/agents/agent_config.go:480.3,480.25 1 0
github.com/VerifiedOrganic/onboard/internal/agents/agent_config.go:482.2,482.47 1 1
github.com/VerifiedOrganic/onboard/internal/agents/agent_config.go:482.47,484.3 1 0
github.com/VerifiedOrganic/onboard/internal/agents/agent_config.go:485.2,486.54 2 1
github.com/VerifiedOrganic/onboard/internal/agents/agent_config.go:486.54,488.3 1 0
github.com/VerifiedOrganic/onboard/internal/agents/agent_config.go:489.2,490.24 2 1
github.com/VerifiedOrganic/onboard/internal/agents/agent_config.go:490.24,492.3 1 0
github.com/VerifiedOrganic/onboard/internal/agents/agent_config.go:493.2,493.24 1 1
github.com/VerifiedOrganic/onboard/internal/agents/agent_config.go:496.86,498.21 2 1
github.com/VerifiedOrganic/onboard/internal/agents/agent_config.go:498.21,500.3 1 0
github.com/VerifiedOrganic/onboard/internal/agents/agent_config.go:501.2,502.9 2 1
github.com/VerifiedOrganic/onboard/internal/agents/agent_config.go:502.9,504.3 1 0
github.com/VerifiedOrganic/onboard/internal/agents/agent_config.go:505.2,505.27 1 1
github.com/VerifiedOrganic/onboard/internal/agents/agent_config.go:508.50,510.16 2 1
github.com/VerifiedOrganic/onboard/internal/agents/agent_config.go:510.16,511.25 1 0
github.com/VerifiedOrganic/onboard/internal/agents/agent_config.go:511.25,513.4 1 0
github.com/VerifiedOrganic/onboard/internal/agents/agent_config.go:514.3,514.17 1 0
github.com/VerifiedOrganic/onboard/internal/agents/agent_config.go:516.2,518.16 3 1
github.com/VerifiedOrganic/onboard/internal/agents/agent_config.go:518.16,520.3 1 0
github.com/VerifiedOrganic/onboard/internal/agents/agent_config.go:521.2,522.78 2 1
github.com/VerifiedOrganic/onboard/internal/agents/agent_config.go:522.78,524.3 1 0
github.com/VerifiedOrganic/onboard/internal/agents/agent_config.go:525.2,525.23 1 1
github.com/VerifiedOrganic/onboard/internal/agents/agent_config.go:528.54,530.16 2 0
github.com/VerifiedOrganic/onboard/internal/agents/agent_config.go:530.16,531.25 1 0
github.com/VerifiedOrganic/onboard/internal/agents/agent_config.go:531.25,533.4 1 0
github.com/VerifiedOrganic/onboard/internal/agents/agent_config.go:534.3,534.17 1 0
github.com/VerifiedOrganic/onboard/internal/agents/agent_config.go:536.2,536.59 1 0
github.com/VerifiedOrganic/onboard/internal/agents/agent_config.go:536.59,538.3 1 0
github.com/VerifiedOrganic/onboard/internal/agents/agent_config.go:539.2,539.23 1 0
github.com/VerifiedOrganic/onboard/internal/agents/agent_config.go:542.60,545.80 3 1
github.com/VerifiedOrganic/onboard/internal/agents/agent_config.go:545.80,547.3 1 0
github.com/VerifiedOrganic/onboard/internal/agents/agent_config.go:548.2,549.42 2 1
github.com/VerifiedOrganic/onboard/internal/agents/agent_config.go:549.42,551.3 1 0
github.com/VerifiedOrganic/onboard/internal/agents/agent_config.go:552.2,552.16 1 1
github.com/VerifiedOrganic/onboard/internal/agents/agent_config.go:555.70,556.55 1 1
github.com/VerifiedOrganic/onboard/internal/agents/agent_config.go:556.55,558.3 1 1
github.com/VerifiedOrganic/onboard/internal/agents/agent_config.go:559.2,560.13 2 1
github.com/VerifiedOrganic/onboard/internal/agents/agent_config.go:563.83,564.39 1 1
github.com/VerifiedOrganic/onboard/internal/agents/agent_config.go:564.39,566.3 1 1
github.com/VerifiedOrganic/onboard/internal/agents/agent_config.go:567.2,568.13 2 1
github.com/VerifiedOrganic/onboard/internal/agents/agent_config.go:571.49,572.25 1 1
github.com/VerifiedOrganic/onboard/internal/agents/agent_config.go:573.16,574.28 1 0
github.com/VerifiedOrganic/onboard/internal/agents/agent_config.go:574.28,576.4 1 0
github.com/VerifiedOrganic/onboard/internal/agents/agent_config.go:577.3,577.22 1 0
github.com/VerifiedOrganic/onboard/internal/agents/agent_config.go:577.22,578.25 1 0
github.com/VerifiedOrganic/onboard/internal/agents/agent_config.go:578.25,580.5 1 0
github.com/VerifiedOrganic/onboard/internal/agents/agent_config.go:582.3,582.14 1 0
github.com/VerifiedOrganic/onboard/internal/agents/agent_config.go:583.13,584.28 1 1
github.com/VerifiedOrganic/onboard/internal/agents/agent_config.go:584.28,586.4 1 0
github.com/VerifiedOrganic/onboard/internal/agents/agent_config.go:587.3,587.22 1 1
github.com/VerifiedOrganic/onboard/internal/agents/agent_config.go:587.22,589.27 2 1
github.com/VerifiedOrganic/onboard/internal/agents/agent_config.go:589.27,591.5 1 1
github.com/VerifiedOrganic/onboard/internal/agents/agent_config.go:593.3,593.14 1 1
github.com/VerifiedOrganic/onboard/internal/agents/agent_config.go:594.10,595.15 1 0
github.com/VerifiedOrganic/onboard/internal/agents/agent_config.go:599.85,602.80 3 1
github.com/VerifiedOrganic/onboard/internal/agents/agent_config.go:602.80,604.3 1 1
github.com/VerifiedOrganic/onboard/internal/agents/agent_config.go:606.2,609.79 4 1
github.com/VerifiedOrganic/onboard/internal/agents/agent_config.go:609.79,612.3 2 1
github.com/VerifiedOrganic/onboard/internal/agents/agent_config.go:614.2,615.70 2 1
github.com/VerifiedOrganic/onboard/internal/agents/agent_config.go:615.70,616.68 1 1
github.com/VerifiedOrganic/onboard/internal/agents/agent_config.go:616.68,619.4 2 0
github.com/VerifiedOrganic/onboard/internal/agents/agent_config.go:620.8,622.72 2 0
github.com/VerifiedOrganic/onboard/internal/agents/agent_config.go:622.72,624.4 1 0
github.com/VerifiedOrganic/onboard/internal/agents/agent_config.go:625.3,626.17 2 0
github.com/VerifiedOrganic/onboard/internal/agents/agent_config.go:629.2,629.14 1 1
github.com/VerifiedOrganic/onboard/internal/agents/agent_config.go:629.14,631.3 1 1
github.com/VerifiedOrganic/onboard/internal/agents/agent_config.go:632.2,632.58 1 1
github.com/VerifiedOrganic/onboard/internal/agents/agent_config.go:635.60,637.14 2 1
github.com/VerifiedOrganic/onboard/internal/agents/agent_config.go:637.14,639.3 1 0
github.com/VerifiedOrganic/onboard/internal/agents/agent_config.go:640.2,641.16 2 1
github.com/VerifiedOrganic/onboard/internal/agents/agent_config.go:641.16,643.3 1 0
github.com/VerifiedOrganic/onboard/internal/agents/agent_config.go:644.2,644.18 1 1
github.com/VerifiedOrganic/onboard/internal/agents/agent_config.go:647.103,648.56 1 1
github.com/VerifiedOrganic/onboard/internal/agents/agent_config.go:648.56,650.3 1 1
github.com/VerifiedOrganic/onboard/internal/agents/agent_config.go:651.2,651.48 1 0
github.com/VerifiedOrganic/onboard/internal/agents/agent_config.go:654.71,656.77 2 0
github.com/VerifiedOrganic/onboard/internal/agents/agent_config.go:656.77,658.3 1 0
github.com/VerifiedOrganic/onboard/internal/agents/agent_config.go:659.2,659.57 1 0
github.com/VerifiedOrganic/onboard/internal/agents/agent_config.go:662.41,664.2 1 1
github.com/VerifiedOrganic/onboard/internal/agents/agent_config.go:666.39,667.18 1 1
github.com/VerifiedOrganic/onboard/internal/agents/agent_config.go:667.18,669.3 1 0
github.com/VerifiedOrganic/onboard/internal/agents/agent_config.go:670.2,670.57 1 1
github.com/VerifiedOrganic/onboard/internal/agents/agent_config.go:670.57,672.3 1 1
github.com/VerifiedOrganic/onboard/internal/agents/agent_config.go:673.2,673.15 1 0
github.com/VerifiedOrganic/onboard/internal/agents/agents.go:51.28,51.71 2 1
github.com/VerifiedOrganic/onboard/internal/agents/agents.go:54.34,56.16 2 1
github.com/VerifiedOrganic/onboard/internal/agents/agents.go:56.16,58.3 1 0
github.com/VerifiedOrganic/onboard/internal/agents/agents.go:59.2,59.36 1 1
github.com/VerifiedOrganic/onboard/internal/agents/agents.go:59.36,61.3 1 1
github.com/VerifiedOrganic/onboard/internal/agents/agents.go:62.2,63.66 2 1
github.com/VerifiedOrganic/onboard/internal/agents/agents.go:63.66,65.33 2 1
github.com/VerifiedOrganic/onboard/internal/agents/agents.go:65.33,67.4 1 0
github.com/VerifiedOrganic/onboard/internal/agents/agents.go:68.3,68.54 1 1
github.com/VerifiedOrganic/onboard/internal/agents/agents.go:68.54,70.4 1 1
github.com/VerifiedOrganic/onboard/internal/agents/agents.go:72.2,73.68 2 1
github.com/VerifiedOrganic/onboard/internal/agents/agents.go:73.68,75.35 2 1
github.com/VerifiedOrganic/onboard/internal/agents/agents.go:75.35,77.4 1 0
github.com/VerifiedOrganic/onboard/internal/agents/agents.go:78.3,78.56 1 1
github.com/VerifiedOrganic/onboard/internal/agents/agents.go:78.56,80.4 1 1
github.com/VerifiedOrganic/onboard/internal/agents/agents.go:87.2,88.84 2 1
github.com/VerifiedOrganic/onboard/internal/agents/agents.go:88.84,91.3 2 0
github.com/VerifiedOrganic/onboard/internal/agents/agents.go:93.2,94.70 2 1
github.com/VerifiedOrganic/onboard/internal/agents/agents.go:94.70,96.32 2 1
github.com/VerifiedOrganic/onboard/internal/agents/agents.go:96.32,98.4 1 0
github.com/VerifiedOrganic/onboard/internal/agents/agents.go:99.3,99.53 1 1
github.com/VerifiedOrganic/onboard/internal/agents/agents.go:99.53,101.4 1 1
github.com/VerifiedOrganic/onboard/internal/agents/agents.go:104.2,113.8 1 1
github.com/VerifiedOrganic/onboard/internal/agents/agents.go:117.39,120.16 3 1
github.com/VerifiedOrganic/onboard/internal/agents/agents.go:120.16,122.3 1 0
github.com/VerifiedOrganic/onboard/internal/agents/agents.go:123.2,123.24 1 1
github.com/VerifiedOrganic/onboard/internal/agents/agents.go:123.24,124.21 1 1
github.com/VerifiedOrganic/onboard/internal/agents/agents.go:124.21,126.4 1 1
github.com/VerifiedOrganic/onboard/internal/agents/agents.go:128.2,128.123 1 0
github.com/VerifiedOrganic/onboard/internal/agents/agents.go:133.29,134.60 1 1
github.com/VerifiedOrganic/onboard/internal/agents/agents.go:134.60,136.3 1 1
github.com/VerifiedOrganic/onboard/internal/agents/agents.go:137.2,137.43 1 1
github.com/VerifiedOrganic/onboard/internal/agents/agents.go:154.55,157.23 2 1
github.com/VerifiedOrganic/onboard/internal/agents/agents.go:157.23,159.17 2 1
github.com/VerifiedOrganic/onboard/internal/agents/agents.go:159.17,161.4 1 0
github.com/VerifiedOrganic/onboard/internal/agents/agents.go:162.3,163.33 2 1
github.com/VerifiedOrganic/onboard/internal/agents/agents.go:166.2,167.16 2 1
github.com/VerifiedOrganic/onboard/internal/agents/agents.go:167.16,169.3 1 0
github.com/VerifiedOrganic/onboard/internal/agents/agents.go:170.2,172.17 3 1
github.com/VerifiedOrganic/onboard/internal/agents/agents.go:176.62,178.23 2 1
github.com/VerifiedOrganic/onboard/internal/agents/agents.go:178.23,180.17 2 1
github.com/VerifiedOrganic/onboard/internal/agents/agents.go:180.17,182.4 1 0
github.com/VerifiedOrganic/onboard/internal/agents/agents.go:183.3,183.21 1 1
github.com/VerifiedOrganic/onboard/internal/agents/agents.go:185.2,186.16 2 1
github.com/VerifiedOrganic/onboard/internal/agents/agents.go:186.16,188.3 1 0
github.com/VerifiedOrganic/onboard/internal/agents/agents.go:189.2,191.17 3 1
github.com/VerifiedOrganic/onboard/internal/agents/agents.go:195.41,197.23 2 1
github.com/VerifiedOrganic/onboard/internal/agents/agents.go:197.23,199.17 2 1
github.com/VerifiedOrganic/onboard/internal/agents/agents.go:199.17,201.4 1 0
github.com/VerifiedOrganic/onboard/internal/agents/agents.go:202.3,202.33 1 1
github.com/VerifiedOrganic/onboard/internal/agents/agents.go:204.2,205.16 2 1
github.com/VerifiedOrganic/onboard/internal/agents/agents.go:205.16,207.3 1 0
github.com/VerifiedOrganic/onboard/internal/agents/agents.go:208.2,209.17 2 1
github.com/VerifiedOrganic/onboard/internal/agents/agents.go:213.48,215.23 2 0
github.com/VerifiedOrganic/onboard/internal/agents/agents.go:215.23,217.17 2 0
github.com/VerifiedOrganic/onboard/internal/agents/agents.go:217.17,219.4 1 0
github.com/VerifiedOrganic/onboard/internal/agents/agents.go:220.3,220.33 1 0
github.com/VerifiedOrganic/onboard/internal/agents/agents.go:222.2,223.16 2 0
github.com/VerifiedOrganic/onboard/internal/agents/agents.go:223.16,225.3 1 0
github.com/VerifiedOrganic/onboard/internal/agents/agents.go:226.2,227.17 2 0
github.com/VerifiedOrganic/onboard/internal/agents/agents.go:230.56,232.16 2 1
github.com/VerifiedOrganic/onboard/internal/agents/agents.go:232.16,234.3 1 0
github.com/VerifiedOrganic/onboard/internal/agents/agents.go:235.2,236.25 2 1
github.com/VerifiedOrganic/onboard/internal/agents/agents.go:236.25,239.93 1 1
github.com/VerifiedOrganic/onboard/internal/agents/agents.go:239.93,240.12 1 0
github.com/VerifiedOrganic/onboard/internal/agents/agents.go:242.3,243.17 2 1
github.com/VerifiedOrganic/onboard/internal/agents/agents.go:243.17,245.4 1 0
github.com/VerifiedOrganic/onboard/internal/agents/agents.go:246.3,247.35 2 1
github.com/VerifiedOrganic/onboard/internal/agents/agents.go:247.35,249.64 2 1
github.com/VerifiedOrganic/onboard/internal/agents/agents.go:249.64,251.5 1 0
github.com/VerifiedOrganic/onboard/internal/agents/agents.go:252.4,252.60 1 1
github.com/VerifiedOrganic/onboard/internal/agents/agents.go:252.60,254.5 1 0
github.com/VerifiedOrganic/onboard/internal/agents/agents.go:255.4,255.11 1 1
github.com/VerifiedOrganic/onboard/internal/agents/agents.go:258.2,259.16 2 1
github.com/VerifiedOrganic/onboard/internal/agents/agents.go:259.16,261.3 1 0
github.com/VerifiedOrganic/onboard/internal/agents/agents.go:262.2,262.28 1 1
github.com/VerifiedOrganic/onboard/internal/agents/agents.go:265.37,267.16 2 1
github.com/VerifiedOrganic/onboard/internal/agents/agents.go:267.16,269.3 1 0
github.com/VerifiedOrganic/onboard/internal/agents/agents.go:270.2,271.25 2 1
github.com/VerifiedOrganic/onboard/internal/agents/agents.go:271.25,272.93 1 1
github.com/VerifiedOrganic/onboard/internal/agents/agents.go:272.93,273.12 1 0
github.com/VerifiedOrganic/onboard/internal/agents/agents.go:275.3,276.17 2 1
github.com/VerifiedOrganic/onboard/internal/agents/agents.go:276.17,278.4 1 0
github.com/VerifiedOrganic/onboard/internal/agents/agents.go:279.3,279.22 1 1
github.com/VerifiedOrganic/onboard/internal/agents/agents.go:281.2,281.19 1 1
github.com/VerifiedOrganic/onboard/internal/agents/agents.go:284.53,286.16 2 1
github.com/VerifiedOrganic/onboard/internal/agents/agents.go:286.16,288.3 1 0
github.com/VerifiedOrganic/onboard/internal/agents/agents.go:289.2,290.27 2 1
github.com/VerifiedOrganic/onboard/internal/agents/agents.go:290.27,291.19 1 1
github.com/VerifiedOrganic/onboard/internal/agents/agents.go:291.19,292.12 1 0
github.com/VerifiedOrganic/onboard/internal/agents/agents.go:294.3,294.43 1 1
github.com/VerifiedOrganic/onboard/internal/agents/agents.go:294.43,296.4 1 0
github.com/VerifiedOrganic/onboard/internal/agents/agents.go:297.3,297.12 1 1
github.com/VerifiedOrganic/onboard/internal/agents/agents.go:299.2,299.21 1 1
github.com/VerifiedOrganic/onboard/internal/agents/agents.go:302.61,304.16 2 0
github.com/VerifiedOrganic/onboard/internal/agents/agents.go:304.16,306.3 1 0
github.com/VerifiedOrganic/onboard/internal/agents/agents.go:307.2,308.27 2 0
github.com/VerifiedOrganic/onboard/internal/agents/agents.go:308.27,309.18 1 0
github.com/VerifiedOrganic/onboard/internal/agents/agents.go:309.18,311.4 1 0
github.com/VerifiedOrganic/onboard/internal/agents/agents.go:313.2,313.19 1 0
github.com/VerifiedOrganic/onboard/internal/agents/agents.go:316.59,318.16 2 1
github.com/VerifiedOrganic/onboard/internal/agents/agents.go:318.16,320.3 1 0
github.com/VerifiedOrganic/onboard/internal/agents/agents.go:321.2,323.27 3 1
github.com/VerifiedOrganic/onboard/internal/agents/agents.go:323.27,324.98 1 1
github.com/VerifiedOrganic/onboard/internal/agents/agents.go:324.98,326.4 1 0
github.com/VerifiedOrganic/onboard/internal/agents/agents.go:327.3,328.54 2 1
github.com/VerifiedOrganic/onboard/internal/agents/agents.go:330.2,330.25 1 1
github.com/VerifiedOrganic/onboard/internal/agents/agents.go:330.25,332.3 1 1
github.com/VerifiedOrganic/onboard/internal/agents/agents.go:333.2,333.45 1 1
github.com/VerifiedOrganic/onboard/internal/agents/agents.go:333.45,335.53 2 1
github.com/VerifiedOrganic/onboard/internal/agents/agents.go:335.53,337.4 1 0
github.com/VerifiedOrganic/onboard/internal/agents/agents.go:339.2,339.18 1 1
github.com/VerifiedOrganic/onboard/internal/agents/agents.go:342.60,344.56 2 1
github.com/VerifiedOrganic/onboard/internal/agents/agents.go:344.56,347.79 3 1
github.com/VerifiedOrganic/onboard/internal/agents/agents.go:347.79,348.12 1 1
github.com/VerifiedOrganic/onboard/internal/agents/agents.go:350.3,350.49 1 1
github.com/VerifiedOrganic/onboard/internal/agents/agents.go:350.49,352.4 1 0
github.com/VerifiedOrganic/onboard/internal/agents/agents.go:353.3,353.12 1 1
github.com/VerifiedOrganic/onboard/internal/agents/agents.go:355.2,355.21 1 1
github.com/VerifiedOrganic/onboard/internal/agents/agents.go:366.59,368.9 2 1
github.com/VerifiedOrganic/onboard/internal/agents/agents.go:368.9,370.3 1 0
github.com/VerifiedOrganic/onboard/internal/agents/agents.go:371.2,372.16 2 1
github.com/VerifiedOrganic/onboard/internal/agents/agents.go:372.16,374.3 1 1
github.com/VerifiedOrganic/onboard/internal/agents/agents.go:375.2,376.83 2 1
github.com/VerifiedOrganic/onboard/internal/agents/inspect.go:38.27,40.2 1 1
github.com/VerifiedOrganic/onboard/internal/agents/inspect.go:43.30,50.29 6 1
github.com/VerifiedOrganic/onboard/internal/agents/inspect.go:50.29,52.3 1 1
github.com/VerifiedOrganic/onboard/internal/agents/inspect.go:54.2,54.43 1 1
github.com/VerifiedOrganic/onboard/internal/agents/inspect.go:54.43,56.24 2 1
github.com/VerifiedOrganic/onboard/internal/agents/inspect.go:56.24,57.27 1 1
github.com/VerifiedOrganic/onboard/internal/agents/inspect.go:57.27,58.64 1 1
github.com/VerifiedOrganic/onboard/internal/agents/inspect.go:58.64,60.6 1 1
github.com/VerifiedOrganic/onboard/internal/agents/inspect.go:65.2,65.9 1 1
github.com/VerifiedOrganic/onboard/internal/agents/inspect.go:66.19,66.19 0 0
github.com/VerifiedOrganic/onboard/internal/agents/inspect.go:68.24,69.94 1 0
github.com/VerifiedOrganic/onboard/internal/agents/inspect.go:70.21,71.115 1 1
github.com/VerifiedOrganic/onboard/internal/agents/inspect.go:73.2,73.47 1 1
github.com/VerifiedOrganic/onboard/internal/agents/inspect.go:73.47,75.3 1 1
github.com/VerifiedOrganic/onboard/internal/agents/inspect.go:76.2,76.99 1 1
github.com/VerifiedOrganic/onboard/internal/agents/inspect.go:76.99,78.3 1 1
github.com/VerifiedOrganic/onboard/internal/agents/inspect.go:79.2,79.10 1 1
github.com/VerifiedOrganic/onboard/internal/agents/inspect.go:85.44,86.17 1 1
github.com/VerifiedOrganic/onboard/internal/agents/inspect.go:87.57,88.55 1 1
github.com/VerifiedOrganic/onboard/internal/agents/inspect.go:89.25,90.48 1 0
github.com/VerifiedOrganic/onboard/internal/agents/inspect.go:91.27,92.42 1 1
github.com/VerifiedOrganic/onboard/internal/agents/inspect.go:94.2,94.18 1 0
github.com/VerifiedOrganic/onboard/internal/agents/inspect.go:99.57,101.9 2 1
github.com/VerifiedOrganic/onboard/internal/agents/inspect.go:101.9,103.3 1 0
github.com/VerifiedOrganic/onboard/internal/agents/inspect.go:104.2,106.9 3 1
github.com/VerifiedOrganic/onboard/internal/agents/inspect.go:106.9,108.3 1 1
github.com/VerifiedOrganic/onboard/internal/agents/inspect.go:109.2,109.40 1 1
github.com/VerifiedOrganic/onboard/internal/agents/inspect.go:110.14,111.19 1 1
github.com/VerifiedOrganic/onboard/internal/agents/inspect.go:112.13,113.19 1 0
github.com/VerifiedOrganic/onboard/internal/agents/inspect.go:113.19,114.36 1 0
github.com/VerifiedOrganic/onboard/internal/agents/inspect.go:114.36,116.5 1 0
github.com/VerifiedOrganic/onboard/internal/agents/inspect.go:119.2,119.17 1 0
github.com/VerifiedOrganic/onboard/internal/agents/inspect.go:124.59,126.16 2 1
github.com/VerifiedOrganic/onboard/internal/agents/inspect.go:126.16,128.3 1 0
github.com/VerifiedOrganic/onboard/internal/agents/inspect.go:129.2,130.42 2 1
github.com/VerifiedOrganic/onboard/internal/agents/inspect.go:130.42,132.3 1 0
github.com/VerifiedOrganic/onboard/internal/agents/inspect.go:133.2,134.14 2 1
github.com/VerifiedOrganic/onboard/internal/agents/inspect.go:140.53,142.16 2 1
github.com/VerifiedOrganic/onboard/internal/agents/inspect.go:142.16,144.3 1 0
github.com/VerifiedOrganic/onboard/internal/agents/inspect.go:145.2,147.16 3 1
github.com/VerifiedOrganic/onboard/internal/agents/inspect.go:147.16,149.3 1 0
github.com/VerifiedOrganic/onboard/internal/agents/inspect.go:150.2,151.68 2 1
github.com/VerifiedOrganic/onboard/internal/agents/inspect.go:151.68,153.3 1 0
github.com/VerifiedOrganic/onboard/internal/agents/inspect.go:154.2,154.62 1 1
github.com/VerifiedOrganic/onboard/internal/agents/inspect.go:154.62,155.52 1 1
github.com/VerifiedOrganic/onboard/internal/agents/inspect.go:155.52,157.4 1 1
github.com/VerifiedOrganic/onboard/internal/agents/inspect.go:159.2,159.17 1 0
github.com/VerifiedOrganic/onboard/internal/skills/catalog.go:27.40,29.51 2 0
github.com/VerifiedOrganic/onboard/internal/skills/catalog.go:29.51,31.3 1 0
github.com/VerifiedOrganic/onboard/internal/skills/catalog.go:32.2,32.12 1 0
github.com/VerifiedOrganic/onboard/internal/skills/catalog.go:75.40,77.51 2 1
github.com/VerifiedOrganic/onboard/internal/skills/catalog.go:77.51,79.3 1 1
github.com/VerifiedOrganic/onboard/internal/skills/catalog.go:80.2,80.13 1 1
github.com/VerifiedOrganic/onboard/internal/skills/catalog.go:84.40,86.16 2 1
github.com/VerifiedOrganic/onboard/internal/skills/catalog.go:86.16,88.3 1 0
github.com/VerifiedOrganic/onboard/internal/skills/catalog.go:89.2,90.25 2 1
github.com/VerifiedOrganic/onboard/internal/skills/catalog.go:90.25,92.3 1 1
github.com/VerifiedOrganic/onboard/internal/skills/catalog.go:94.2,95.51 2 1
github.com/VerifiedOrganic/onboard/internal/skills/catalog.go:95.51,97.3 1 1
github.com/VerifiedOrganic/onboard/internal/skills/catalog.go:99.2,101.36 3 1
github.com/VerifiedOrganic/onboard/internal/skills/catalog.go:101.36,103.10 2 1
github.com/VerifiedOrganic/onboard/internal/skills/catalog.go:103.10,104.12 1 0
github.com/VerifiedOrganic/onboard/internal/skills/catalog.go:106.3,107.20 2 1
github.com/VerifiedOrganic/onboard/internal/skills/catalog.go:109.2,109.25 1 1
github.com/VerifiedOrganic/onboard/internal/skills/catalog.go:109.25,110.20 1 1
github.com/VerifiedOrganic/onboard/internal/skills/catalog.go:110.20,111.12 1 1
github.com/VerifiedOrganic/onboard/internal/skills/catalog.go:113.3,113.62 1 0
github.com/VerifiedOrganic/onboard/internal/skills/catalog.go:115.2,115.17 1 1
github.com/VerifiedOrganic/onboard/internal/skills/catalog.go:118.60,121.19 3 1
github.com/VerifiedOrganic/onboard/internal/skills/catalog.go:121.19,123.3 1 0
github.com/VerifiedOrganic/onboard/internal/skills/catalog.go:124.2,130.3 1 1
github.com/VerifiedOrganic/onboard/internal/skills/catalog.go:134.40,136.16 2 1
github.com/VerifiedOrganic/onboard/internal/skills/catalog.go:136.16,138.3 1 0
github.com/VerifiedOrganic/onboard/internal/skills/catalog.go:139.2,143.32 5 1
github.com/VerifiedOrganic/onboard/internal/skills/catalog.go:143.32,145.22 2 1
github.com/VerifiedOrganic/onboard/internal/skills/catalog.go:145.22,147.4 1 1
github.com/VerifiedOrganic/onboard/internal/skills/catalog.go:149.2,149.24 1 1
github.com/VerifiedOrganic/onboard/internal/skills/skills.go:33.30,35.16 2 1
github.com/VerifiedOrganic/onboard/internal/skills/skills.go:35.16,37.3 1 0
github.com/VerifiedOrganic/onboard/internal/skills/skills.go:38.2,39.28 2 1
github.com/VerifiedOrganic/onboard/internal/skills/skills.go:39.28,40.17 1 1
github.com/VerifiedOrganic/onboard/internal/skills/skills.go:40.17,41.12 1 0
github.com/VerifiedOrganic/onboard/internal/skills/skills.go:43.3,45.17 3 1
github.com/VerifiedOrganic/onboard/internal/skills/skills.go:45.17,46.12 1 0
github.com/VerifiedOrganic/onboard/internal/skills/skills.go:48.3,49.17 2 1
github.com/VerifiedOrganic/onboard/internal/skills/skills.go:49.17,51.4 1 0
github.com/VerifiedOrganic/onboard/internal/skills/skills.go:52.3,52.68 1 1
github.com/VerifiedOrganic/onboard/internal/skills/skills.go:54.2,54.38 1 1
github.com/VerifiedOrganic/onboard/internal/skills/skills.go:54.38,54.74 1 1
github.com/VerifiedOrganic/onboard/internal/skills/skills.go:55.2,55.17 1 1
github.com/VerifiedOrganic/onboard/internal/skills/skills.go:60.38,63.16 3 1
github.com/VerifiedOrganic/onboard/internal/skills/skills.go:63.16,65.3 1 0
github.com/VerifiedOrganic/onboard/internal/skills/skills.go:66.2,66.24 1 1
github.com/VerifiedOrganic/onboard/internal/skills/skills.go:66.24,67.21 1 1
github.com/VerifiedOrganic/onboard/internal/skills/skills.go:67.21,69.4 1 1
github.com/VerifiedOrganic/onboard/internal/skills/skills.go:71.2,71.56 1 1
github.com/VerifiedOrganic/onboard/internal/skills/skills.go:77.41,80.16 3 1
github.com/VerifiedOrganic/onboard/internal/skills/skills.go:80.16,82.3 1 0
github.com/VerifiedOrganic/onboard/internal/skills/skills.go:83.2,86.25 3 1
github.com/VerifiedOrganic/onboard/internal/skills/skills.go:86.25,87.16 1 1
github.com/VerifiedOrganic/onboard/internal/skills/skills.go:87.16,88.12 1 0
github.com/VerifiedOrganic/onboard/internal/skills/skills.go:90.3,91.17 2 1
github.com/VerifiedOrganic/onboard/internal/skills/skills.go:91.17,92.12 1 0
github.com/VerifiedOrganic/onboard/internal/skills/skills.go:94.3,94.73 1 1
github.com/VerifiedOrganic/onboard/internal/skills/skills.go:96.2,96.24 1 1
github.com/VerifiedOrganic/onboard/internal/skills/skills.go:101.51,103.82 2 1
github.com/VerifiedOrganic/onboard/internal/skills/skills.go:103.82,104.17 1 1
github.com/VerifiedOrganic/onboard/internal/skills/skills.go:104.17,106.4 1 0
github.com/VerifiedOrganic/onboard/internal/skills/skills.go:107.3,107.16 1 1
github.com/VerifiedOrganic/onboard/internal/skills/skills.go:107.16,109.4 1 1
github.com/VerifiedOrganic/onboard/internal/skills/skills.go:110.3,111.17 2 1
github.com/VerifiedOrganic/onboard/internal/skills/skills.go:111.17,113.4 1 0
github.com/VerifiedOrganic/onboard/internal/skills/skills.go:114.3,115.13 2 1
github.com/VerifiedOrganic/onboard/internal/skills/skills.go:117.2,117.19 1 1
github.com/VerifiedOrganic/onboard/internal/skills/skills.go:123.54,125.61 2 1
github.com/VerifiedOrganic/onboard/internal/skills/skills.go:125.61,127.3 1 1
github.com/VerifiedOrganic/onboard/internal/skills/skills.go:128.2,128.30 1 1
github.com/VerifiedOrganic/onboard/internal/skills/skills.go:128.30,129.36 1 1
github.com/VerifiedOrganic/onboard/internal/skills/skills.go:129.36,130.9 1 1
github.com/VerifiedOrganic/onboard/internal/skills/skills.go:132.3,132.10 1 1
github.com/VerifiedOrganic/onboard/internal/skills/skills.go:133.38,134.60 1 1
github.com/VerifiedOrganic/onboard/internal/skills/skills.go:135.45,136.67 1 1
github.com/VerifiedOrganic/onboard/internal/skills/skills.go:139.2,139.19 1 1
github.com/VerifiedOrganic/onboard/internal/git/git.go:27.34,28.48 1 1
github.com/VerifiedOrganic/onboard/internal/git/git.go:28.48,30.3 1 0
github.com/VerifiedOrganic/onboard/internal/git/git.go:31.2,32.55 2 1
github.com/VerifiedOrganic/onboard/internal/git/git.go:37.45,39.16 2 1
github.com/VerifiedOrganic/onboard/internal/git/git.go:39.16,41.3 1 0
github.com/VerifiedOrganic/onboard/internal/git/git.go:42.2,43.26 2 1
github.com/VerifiedOrganic/onboard/internal/git/git.go:43.26,45.3 1 1
github.com/VerifiedOrganic/onboard/internal/git/git.go:46.2,46.26 1 1
github.com/VerifiedOrganic/onboard/internal/git/git.go:50.43,53.2 2 1
github.com/VerifiedOrganic/onboard/internal/git/git.go:56.42,59.2 2 1
github.com/VerifiedOrganic/onboard/internal/git/git.go:69.61,71.16 2 1
github.com/VerifiedOrganic/onboard/internal/git/git.go:71.16,73.3 1 0
github.com/VerifiedOrganic/onboard/internal/git/git.go:74.2,74.35 1 1
github.com/VerifiedOrganic/onboard/internal/git/git.go:77.44,80.31 3 1
github.com/VerifiedOrganic/onboard/internal/git/git.go:80.31,83.19 3 1
github.com/VerifiedOrganic/onboard/internal/git/git.go:83.19,84.12 1 1
github.com/VerifiedOrganic/onboard/internal/git/git.go:86.3,86.23 1 1
github.com/VerifiedOrganic/onboard/internal/git/git.go:86.23,87.9 1 0
github.com/VerifiedOrganic/onboard/internal/git/git.go:89.3,93.71 4 1
github.com/VerifiedOrganic/onboard/internal/git/git.go:93.71,95.24 2 1
github.com/VerifiedOrganic/onboard/internal/git/git.go:95.24,96.10 1 0
github.com/VerifiedOrganic/onboard/internal/git/git.go:98.4,99.7 2 1
github.com/VerifiedOrganic/onboard/internal/git/git.go:101.3,101.82 1 1
github.com/VerifiedOrganic/onboard/internal/git/git.go:103.2,103.16 1 1
github.com/VerifiedOrganic/onboard/internal/git/git.go:123.50,125.16 2 1
github.com/VerifiedOrganic/onboard/internal/git/git.go:125.16,127.3 1 0
github.com/VerifiedOrganic/onboard/internal/git/git.go:128.2,128.35 1 1
github.com/VerifiedOrganic/onboard/internal/git/git.go:133.68,137.16 3 0
github.com/VerifiedOrganic/onboard/internal/git/git.go:137.16,139.3 1 0
github.com/VerifiedOrganic/onboard/internal/git/git.go:140.2,140.36 1 0
github.com/VerifiedOrganic/onboard/internal/git/git.go:140.36,142.3 1 0
github.com/VerifiedOrganic/onboard/internal/git/git.go:144.2,146.6 3 0
github.com/VerifiedOrganic/onboard/internal/git/git.go:146.6,148.20 2 0
github.com/VerifiedOrganic/onboard/internal/git/git.go:148.20,149.9 1 0
github.com/VerifiedOrganic/onboard/internal/git/git.go:151.3,151.17 1 0
github.com/VerifiedOrganic/onboard/internal/git/git.go:151.17,154.4 2 0
github.com/VerifiedOrganic/onboard/internal/git/git.go:155.3,156.118 2 0
github.com/VerifiedOrganic/onboard/internal/git/git.go:156.118,159.4 2 0
github.com/VerifiedOrganic/onboard/internal/git/git.go:160.3,161.23 2 0
github.com/VerifiedOrganic/onboard/internal/git/git.go:162.20,163.53 1 0
github.com/VerifiedOrganic/onboard/internal/git/git.go:163.53,166.5 2 0
github.com/VerifiedOrganic/onboard/internal/git/git.go:167.20,168.54 1 0
github.com/VerifiedOrganic/onboard/internal/git/git.go:168.54,171.5 2 0
github.com/VerifiedOrganic/onboard/internal/git/git.go:172.4,173.41 2 0
github.com/VerifiedOrganic/onboard/internal/git/git.go:173.41,176.5 2 0
github.com/VerifiedOrganic/onboard/internal/git/git.go:177.4,177.67 1 0
github.com/VerifiedOrganic/onboard/internal/git/git.go:177.67,180.5 2 0
github.com/VerifiedOrganic/onboard/internal/git/git.go:181.4,182.18 2 0
github.com/VerifiedOrganic/onboard/internal/git/git.go:182.18,185.5 2 0
github.com/VerifiedOrganic/onboard/internal/git/git.go:187.4,189.22 3 0
github.com/VerifiedOrganic/onboard/internal/git/git.go:189.22,192.5 2 0
github.com/VerifiedOrganic/onboard/internal/git/git.go:193.4,193.23 1 0
github.com/VerifiedOrganic/onboard/internal/git/git.go:193.23,196.5 2 0
github.com/VerifiedOrganic/onboard/internal/git/git.go:199.2,199.19 1 0
github.com/VerifiedOrganic/onboard/internal/git/git.go:202.42,203.14 1 0
github.com/VerifiedOrganic/onboard/internal/git/git.go:203.14,205.3 1 0
github.com/VerifiedOrganic/onboard/internal/git/git.go:206.2,208.34 2 0
github.com/VerifiedOrganic/onboard/internal/git/git.go:213.46,216.18 3 1
github.com/VerifiedOrganic/onboard/internal/git/git.go:216.18,217.17 1 1
github.com/VerifiedOrganic/onboard/internal/git/git.go:217.17,220.4 2 1
github.com/VerifiedOrganic/onboard/internal/git/git.go:222.2,222.48 1 1
github.com/VerifiedOrganic/onboard/internal/git/git.go:222.48,223.10 1 1
github.com/VerifiedOrganic/onboard/internal/git/git.go:224.47,226.58 2 1
github.com/VerifiedOrganic/onboard/internal/git/git.go:227.19,227.19 0 0
github.com/VerifiedOrganic/onboard/internal/git/git.go:229.44,230.20 1 1
github.com/VerifiedOrganic/onboard/internal/git/git.go:231.48,232.20 1 1
github.com/VerifiedOrganic/onboard/internal/git/git.go:233.46,235.72 2 1
github.com/VerifiedOrganic/onboard/internal/git/git.go:236.40,237.36 1 1
github.com/VerifiedOrganic/onboard/internal/git/git.go:237.36,239.5 1 1
github.com/VerifiedOrganic/onboard/internal/git/git.go:240.38,241.42 1 1
github.com/VerifiedOrganic/onboard/internal/git/git.go:241.42,243.5 1 1
github.com/VerifiedOrganic/onboard/internal/git/git.go:246.2,247.14 2 1
github.com/VerifiedOrganic/onboard/internal/git/git.go:251.39,252.45 1 1
github.com/VerifiedOrganic/onboard/internal/git/git.go:252.45,254.3 1 1
github.com/VerifiedOrganic/onboard/internal/git/git.go:255.2,255.11 1 0
github.com/VerifiedOrganic/onboard/internal/git/git.go:259.35,261.22 2 1
github.com/VerifiedOrganic/onboard/internal/git/git.go:261.22,263.3 1 1
github.com/VerifiedOrganic/onboard/internal/git/git.go:264.2,265.10 2 1
github.com/VerifiedOrganic/onboard/internal/git/git.go:269.48,271.14 2 1
github.com/VerifiedOrganic/onboard/internal/git/git.go:271.14,273.3 1 0
github.com/VerifiedOrganic/onboard/internal/git/git.go:274.2,275.48 2 1
github.com/VerifiedOrganic/onboard/internal/git/git.go:275.48,277.3 1 1
github.com/VerifiedOrganic/onboard/internal/git/git.go:278.2,279.54 2 1
github.com/VerifiedOrganic/onboard/internal/git/git.go:279.54,282.3 2 1
github.com/VerifiedOrganic/onboard/internal/git/git.go:282.8,284.3 1 1
github.com/VerifiedOrganic/onboard/internal/git/git.go:285.2,285.16 1 1
github.com/VerifiedOrganic/onboard/internal/git/git.go:285.16,287.3 1 1
github.com/VerifiedOrganic/onboard/internal/git/git.go:288.2,288.16 1 1
github.com/VerifiedOrganic/onboard/internal/git/git.go:288.16,290.3 1 0
github.com/VerifiedOrganic/onboard/internal/git/git.go:291.2,291.57 1 1
github.com/VerifiedOrganic/onboard/internal/git/git.go:295.39,298.2 2 1
github.com/VerifiedOrganic/onboard/internal/git/git.go:301.50,304.2 2 1
github.com/VerifiedOrganic/onboard/internal/git/git.go:309.38,310.81 1 1
github.com/VerifiedOrganic/onboard/internal/git/git.go:310.81,311.27 1 1
github.com/VerifiedOrganic/onboard/internal/git/git.go:311.27,312.63 1 1
github.com/VerifiedOrganic/onboard/internal/git/git.go:312.63,314.5 1 1
github.com/VerifiedOrganic/onboard/internal/git/git.go:317.2,317.11 1 0
github.com/VerifiedOrganic/onboard/internal/git/git.go:335.63,338.20 2 1
github.com/VerifiedOrganic/onboard/internal/git/git.go:338.20,340.3 1 0
github.com/VerifiedOrganic/onboard/internal/git/git.go:341.2,342.16 2 1
github.com/VerifiedOrganic/onboard/internal/git/git.go:342.16,344.3 1 0
github.com/VerifiedOrganic/onboard/internal/git/git.go:346.2,355.48 5 1
github.com/VerifiedOrganic/onboard/internal/git/git.go:355.48,356.38 1 1
github.com/VerifiedOrganic/onboard/internal/git/git.go:356.38,358.23 2 1
github.com/VerifiedOrganic/onboard/internal/git/git.go:358.23,360.5 1 1
github.com/VerifiedOrganic/onboard/internal/git/git.go:361.4,362.12 2 1
github.com/VerifiedOrganic/onboard/internal/git/git.go:364.3,365.22 2 1
github.com/VerifiedOrganic/onboard/internal/git/git.go:365.22,366.12 1 1
github.com/VerifiedOrganic/onboard/internal/git/git.go:368.3,370.15 3 1
github.com/VerifiedOrganic/onboard/internal/git/git.go:370.15,373.4 2 1
github.com/VerifiedOrganic/onboard/internal/git/git.go:374.3,378.21 5 1
github.com/VerifiedOrganic/onboard/internal/git/git.go:378.21,381.4 2 1
github.com/VerifiedOrganic/onboard/internal/git/git.go:382.3,382.19 1 1
github.com/VerifiedOrganic/onboard/internal/git/git.go:382.19,384.4 1 1
github.com/VerifiedOrganic/onboard/internal/git/git.go:385.3,385.19 1 1
github.com/VerifiedOrganic/onboard/internal/git/git.go:385.19,387.4 1 1
github.com/VerifiedOrganic/onboard/internal/git/git.go:390.2,391.26 2 1
github.com/VerifiedOrganic/onboard/internal/git/git.go:391.26,393.21 2 1
github.com/VerifiedOrganic/onboard/internal/git/git.go:393.21,395.4 1 1
github.com/VerifiedOrganic/onboard/internal/git/git.go:396.3,399.5 1 1
github.com/VerifiedOrganic/onboard/internal/git/git.go:401.2,401.41 1 1
github.com/VerifiedOrganic/onboard/internal/git/git.go:401.41,402.45 1 1
github.com/VerifiedOrganic/onboard/internal/git/git.go:402.45,404.4 1 1
github.com/VerifiedOrganic/onboard/internal/git/git.go:405.3,405.41 1 0
github.com/VerifiedOrganic/onboard/internal/git/git.go:407.2,407.20 1 1
github.com/VerifiedOrganic/onboard/internal/git/git.go:412.36,413.32 1 1
github.com/VerifiedOrganic/onboard/internal/git/git.go:413.32,415.3 1 1
github.com/VerifiedOrganic/onboard/internal/git/git.go:416.2,416.40 1 1
github.com/VerifiedOrganic/onboard/internal/git/git.go:416.40,417.40 1 1
github.com/VerifiedOrganic/onboard/internal/git/git.go:417.40,419.47 2 1
github.com/VerifiedOrganic/onboard/internal/git/git.go:419.47,421.5 1 1
github.com/VerifiedOrganic/onboard/internal/git/git.go:422.4,422.80 1 1
github.com/VerifiedOrganic/onboard/internal/git/git.go:425.2,425.41 1 1
github.com/VerifiedOrganic/onboard/internal/git/git.go:425.41,427.3 1 1
github.com/VerifiedOrganic/onboard/internal/git/git.go:428.2,428.10 1 0
github.com/VerifiedOrganic/onboard/internal/git/git.go:431.55,437.43 5 1
github.com/VerifiedOrganic/onboard/internal/git/git.go:437.43,439.3 1 0
github.com/VerifiedOrganic/onboard/internal/git/git.go:440.2,440.25 1 1
github.com/VerifiedOrganic/onboard/internal/providers/builtin.go:23.30,23.50 1 0
github.com/VerifiedOrganic/onboard/internal/providers/builtin.go:42.72,44.2 1 1
github.com/VerifiedOrganic/onboard/internal/providers/builtin.go:53.92,55.2 1 1
github.com/VerifiedOrganic/onboard/internal/providers/builtin.go:57.80,59.16 2 1
github.com/VerifiedOrganic/onboard/internal/providers/builtin.go:59.16,61.3 1 1
github.com/VerifiedOrganic/onboard/internal/providers/builtin.go:63.2,64.21 2 1
github.com/VerifiedOrganic/onboard/internal/providers/builtin.go:64.21,66.3 1 1
github.com/VerifiedOrganic/onboard/internal/providers/builtin.go:67.2,78.83 8 1
github.com/VerifiedOrganic/onboard/internal/providers/builtin.go:78.83,79.17 1 1
github.com/VerifiedOrganic/onboard/internal/providers/builtin.go:79.17,81.4 1 0
github.com/VerifiedOrganic/onboard/internal/providers/builtin.go:82.3,82.23 1 1
github.com/VerifiedOrganic/onboard/internal/providers/builtin.go:82.23,84.4 1 0
github.com/VerifiedOrganic/onboard/internal/providers/builtin.go:85.3,85.16 1 1
github.com/VerifiedOrganic/onboard/internal/providers/builtin.go:85.16,86.38 1 1
github.com/VerifiedOrganic/onboard/internal/providers/builtin.go:86.38,88.5 1 1
github.com/VerifiedOrganic/onboard/internal/providers/builtin.go:89.4,89.14 1 1
github.com/VerifiedOrganic/onboard/internal/providers/builtin.go:92.3,93.19 2 1
github.com/VerifiedOrganic/onboard/internal/providers/builtin.go:93.19,96.85 1 1
github.com/VerifiedOrganic/onboard/internal/providers/builtin.go:96.85,98.5 1 0
github.com/VerifiedOrganic/onboard/internal/providers/builtin.go:100.3,100.19 1 1
github.com/VerifiedOrganic/onboard/internal/providers/builtin.go:100.19,102.4 1 1
github.com/VerifiedOrganic/onboard/internal/providers/builtin.go:103.3,104.58 2 1
github.com/VerifiedOrganic/onboard/internal/providers/builtin.go:104.58,108.4 3 1
github.com/VerifiedOrganic/onboard/internal/providers/builtin.go:109.3,110.21 2 1
github.com/VerifiedOrganic/onboard/internal/providers/builtin.go:110.21,112.4 1 0
github.com/VerifiedOrganic/onboard/internal/providers/builtin.go:113.3,118.18 4 1
github.com/VerifiedOrganic/onboard/internal/providers/builtin.go:118.18,119.53 1 1
github.com/VerifiedOrganic/onboard/internal/providers/builtin.go:119.53,129.5 4 1
github.com/VerifiedOrganic/onboard/internal/providers/builtin.go:132.3,132.29 1 1
github.com/VerifiedOrganic/onboard/internal/providers/builtin.go:132.29,145.4 6 0
github.com/VerifiedOrganic/onboard/internal/providers/builtin.go:147.3,147.26 1 1
github.com/VerifiedOrganic/onboard/internal/providers/builtin.go:147.26,151.95 1 1
github.com/VerifiedOrganic/onboard/internal/providers/builtin.go:151.95,153.5 1 1
github.com/VerifiedOrganic/onboard/internal/providers/builtin.go:154.4,154.20 1 1
github.com/VerifiedOrganic/onboard/internal/providers/builtin.go:154.20,157.5 2 1
github.com/VerifiedOrganic/onboard/internal/providers/builtin.go:158.4,158.21 1 1
github.com/VerifiedOrganic/onboard/internal/providers/builtin.go:158.21,160.5 1 0
github.com/VerifiedOrganic/onboard/internal/providers/builtin.go:161.4,162.40 2 1
github.com/VerifiedOrganic/onboard/internal/providers/builtin.go:162.40,164.5 1 1
github.com/VerifiedOrganic/onboard/internal/providers/builtin.go:165.4,174.14 4 1
github.com/VerifiedOrganic/onboard/internal/providers/builtin.go:177.3,177.27 1 1
github.com/VerifiedOrganic/onboard/internal/providers/builtin.go:177.27,188.4 5 0
github.com/VerifiedOrganic/onboard/internal/providers/builtin.go:190.3,191.13 2 1
github.com/VerifiedOrganic/onboard/internal/providers/builtin.go:191.13,194.4 2 1
github.com/VerifiedOrganic/onboard/internal/providers/builtin.go:195.3,195.20 1 1
github.com/VerifiedOrganic/onboard/internal/providers/builtin.go:195.20,197.4 1 1
github.com/VerifiedOrganic/onboard/internal/providers/builtin.go:198.3,199.21 2 1
github.com/VerifiedOrganic/onboard/internal/providers/builtin.go:199.21,201.4 1 0
github.com/VerifiedOrganic/onboard/internal/providers/builtin.go:202.3,204.86 3 1
github.com/VerifiedOrganic/onboard/internal/providers/builtin.go:204.86,206.4 1 1
github.com/VerifiedOrganic/onboard/internal/providers/builtin.go:207.3,216.13 4 1
github.com/VerifiedOrganic/onboard/internal/providers/builtin.go:218.2,218.20 1 1
github.com/VerifiedOrganic/onboard/internal/providers/builtin.go:218.20,220.3 1 0
github.com/VerifiedOrganic/onboard/internal/providers/builtin.go:222.2,224.27 3 1
github.com/VerifiedOrganic/onboard/internal/providers/builtin.go:224.27,226.3 1 1
github.com/VerifiedOrganic/onboard/internal/providers/builtin.go:227.2,227.21 1 1
github.com/VerifiedOrganic/onboard/internal/providers/builtin.go:227.21,229.3 1 1
github.com/VerifiedOrganic/onboard/internal/providers/builtin.go:230.2,230.15 1 1
github.com/VerifiedOrganic/onboard/internal/providers/builtin.go:236.81,241.25 5 1
github.com/VerifiedOrganic/onboard/internal/providers/builtin.go:241.25,242.48 1 1
github.com/VerifiedOrganic/onboard/internal/providers/builtin.go:242.48,243.12 1 1
github.com/VerifiedOrganic/onboard/internal/providers/builtin.go:245.3,257.39 5 1
github.com/VerifiedOrganic/onboard/internal/providers/builtin.go:257.39,261.4 1 1
github.com/VerifiedOrganic/onboard/internal/providers/builtin.go:262.3,262.110 1 1
github.com/VerifiedOrganic/onboard/internal/providers/builtin.go:262.110,263.95 1 0
github.com/VerifiedOrganic/onboard/internal/providers/builtin.go:263.95,264.111 1 0
github.com/VerifiedOrganic/onboard/internal/providers/builtin.go:264.111,265.62 1 0
github.com/VerifiedOrganic/onboard/internal/providers/builtin.go:265.62,267.7 1 0
github.com/VerifiedOrganic/onboard/internal/providers/builtin.go:271.3,271.21 1 1
github.com/VerifiedOrganic/onboard/internal/providers/builtin.go:271.21,276.44 2 1
github.com/VerifiedOrganic/onboard/internal/providers/builtin.go:276.44,278.5 1 1
github.com/VerifiedOrganic/onboard/internal/providers/builtin.go:279.4,280.86 2 1
github.com/VerifiedOrganic/onboard/internal/providers/builtin.go:282.3,285.98 4 1
github.com/VerifiedOrganic/onboard/internal/providers/builtin.go:287.2,288.25 2 1
github.com/VerifiedOrganic/onboard/internal/providers/builtin.go:288.25,289.47 1 1
github.com/VerifiedOrganic/onboard/internal/providers/builtin.go:289.47,290.12 1 1
github.com/VerifiedOrganic/onboard/internal/providers/builtin.go:292.3,293.19 2 1
github.com/VerifiedOrganic/onboard/internal/providers/builtin.go:293.19,295.4 1 0
github.com/VerifiedOrganic/onboard/internal/providers/builtin.go:296.3,297.15 2 1
github.com/VerifiedOrganic/onboard/internal/providers/builtin.go:298.15,299.111 1 1
github.com/VerifiedOrganic/onboard/internal/providers/builtin.go:300.52,301.92 1 1
github.com/VerifiedOrganic/onboard/internal/providers/builtin.go:303.3,303.27 1 1
github.com/VerifiedOrganic/onboard/internal/providers/builtin.go:305.2,305.19 1 1
github.com/VerifiedOrganic/onboard/internal/providers/builtin.go:313.66,330.32 11 1
github.com/VerifiedOrganic/onboard/internal/providers/builtin.go:330.32,333.26 3 1
github.com/VerifiedOrganic/onboard/internal/providers/builtin.go:333.26,335.4 1 1
github.com/VerifiedOrganic/onboard/internal/providers/builtin.go:336.3,336.31 1 1
github.com/VerifiedOrganic/onboard/internal/providers/builtin.go:336.31,341.22 5 1
github.com/VerifiedOrganic/onboard/internal/providers/builtin.go:341.22,345.5 3 1
github.com/VerifiedOrganic/onboard/internal/providers/builtin.go:347.3,347.34 1 1
github.com/VerifiedOrganic/onboard/internal/providers/builtin.go:350.2,351.25 2 1
github.com/VerifiedOrganic/onboard/internal/providers/builtin.go:351.25,353.46 2 1
github.com/VerifiedOrganic/onboard/internal/providers/builtin.go:353.46,354.20 1 1
github.com/VerifiedOrganic/onboard/internal/providers/builtin.go:354.20,356.5 1 1
github.com/VerifiedOrganic/onboard/internal/providers/builtin.go:357.4,357.12 1 1
github.com/VerifiedOrganic/onboard/internal/providers/builtin.go:359.3,359.38 1 1
github.com/VerifiedOrganic/onboard/internal/providers/builtin.go:362.2,363.18 2 1
github.com/VerifiedOrganic/onboard/internal/providers/builtin.go:363.18,365.3 1 1
github.com/VerifiedOrganic/onboard/internal/providers/builtin.go:365.8,367.3 1 1
github.com/VerifiedOrganic/onboard/internal/providers/builtin.go:368.2,368.10 1 1
github.com/VerifiedOrganic/onboard/internal/providers/builtin.go:371.175,375.29 1 1
github.com/VerifiedOrganic/onboard/internal/providers/builtin.go:375.29,377.3 1 1
github.com/VerifiedOrganic/onboard/internal/providers/builtin.go:380.2,380.46 1 1
github.com/VerifiedOrganic/onboard/internal/providers/builtin.go:380.46,382.70 2 0
github.com/VerifiedOrganic/onboard/internal/providers/builtin.go:382.70,384.4 1 0
github.com/VerifiedOrganic/onboard/internal/providers/builtin.go:388.2,388.50 1 1
github.com/VerifiedOrganic/onboard/internal/providers/builtin.go:388.50,389.43 1 0
github.com/VerifiedOrganic/onboard/internal/providers/builtin.go:389.43,390.26 1 0
github.com/VerifiedOrganic/onboard/internal/providers/builtin.go:391.19,392.75 1 0
github.com/VerifiedOrganic/onboard/internal/providers/builtin.go:392.75,394.6 1 0
github.com/VerifiedOrganic/onboard/internal/providers/builtin.go:395.5,395.81 1 0
github.com/VerifiedOrganic/onboard/internal/providers/builtin.go:395.81,397.6 1 0
github.com/VerifiedOrganic/onboard/internal/providers/builtin.go:398.5,399.77 2 0
github.com/VerifiedOrganic/onboard/internal/providers/builtin.go:399.77,401.6 1 0
github.com/VerifiedOrganic/onboard/internal/providers/builtin.go:402.5,402.77 1 0
github.com/VerifiedOrganic/onboard/internal/providers/builtin.go:402.77,404.6 1 0
github.com/VerifiedOrganic/onboard/internal/providers/builtin.go:405.13,406.14 1 0
github.com/VerifiedOrganic/onboard/internal/providers/builtin.go:407.12,408.83 1 0
github.com/VerifiedOrganic/onboard/internal/providers/builtin.go:408.83,410.6 1 0
github.com/VerifiedOrganic/onboard/internal/providers/builtin.go:416.2,416.24 1 1
github.com/VerifiedOrganic/onboard/internal/providers/builtin.go:416.24,417.51 1 1
github.com/VerifiedOrganic/onboard/internal/providers/builtin.go:417.51,418.44 1 0
github.com/VerifiedOrganic/onboard/internal/providers/builtin.go:418.44,419.81 1 0
github.com/VerifiedOrganic/onboard/internal/providers/builtin.go:419.81,421.6 1 0
github.com/VerifiedOrganic/onboard/internal/providers/builtin.go:425.3,425.116 1 1
github.com/VerifiedOrganic/onboard/internal/providers/builtin.go:425.116,427.4 1 1
github.com/VerifiedOrganic/onboard/internal/providers/builtin.go:428.3,428.73 1 1
github.com/VerifiedOrganic/onboard/internal/providers/builtin.go:428.73,429.109 1 1
github.com/VerifiedOrganic/onboard/internal/providers/builtin.go:429.109,431.5 1 1
github.com/VerifiedOrganic/onboard/internal/providers/builtin.go:435.2,435.18 1 1
github.com/VerifiedOrganic/onboard/internal/providers/builtin.go:435.18,437.3 1 1
github.com/VerifiedOrganic/onboard/internal/providers/builtin.go:438.2,438.76 1 1
github.com/VerifiedOrganic/onboard/internal/providers/builtin.go:438.76,440.3 1 1
github.com/VerifiedOrganic/onboard/internal/providers/builtin.go:441.2,441.82 1 1
github.com/VerifiedOrganic/onboard/internal/providers/builtin.go:441.82,443.3 1 1
github.com/VerifiedOrganic/onboard/internal/providers/builtin.go:444.2,444.52 1 1
github.com/VerifiedOrganic/onboard/internal/providers/builtin.go:444.52,446.3 1 1
github.com/VerifiedOrganic/onboard/internal/providers/builtin.go:447.2,447.11 1 1
github.com/VerifiedOrganic/onboard/internal/providers/builtin.go:450.79,454.35 4 0
github.com/VerifiedOrganic/onboard/internal/providers/builtin.go:454.35,455.36 1 0
github.com/VerifiedOrganic/onboard/internal/providers/builtin.go:455.36,456.12 1 0
github.com/VerifiedOrganic/onboard/internal/providers/builtin.go:458.3,458.27 1 0
github.com/VerifiedOrganic/onboard/internal/providers/builtin.go:458.27,460.17 2 0
github.com/VerifiedOrganic/onboard/internal/providers/builtin.go:460.17,462.5 1 0
github.com/VerifiedOrganic/onboard/internal/providers/builtin.go:463.4,463.12 1 0
github.com/VerifiedOrganic/onboard/internal/providers/builtin.go:466.2,466.13 1 0
github.com/VerifiedOrganic/onboard/internal/providers/builtin.go:469.112,470.76 1 1
github.com/VerifiedOrganic/onboard/internal/providers/builtin.go:470.76,472.3 1 1
github.com/VerifiedOrganic/onboard/internal/providers/builtin.go:473.2,473.82 1 1
github.com/VerifiedOrganic/onboard/internal/providers/builtin.go:473.82,475.3 1 0
github.com/VerifiedOrganic/onboard/internal/providers/builtin.go:476.2,476.60 1 1
github.com/VerifiedOrganic/onboard/internal/providers/builtin.go:476.60,478.3 1 0
github.com/VerifiedOrganic/onboard/internal/providers/builtin.go:481.2,481.53 1 1
github.com/VerifiedOrganic/onboard/internal/providers/builtin.go:481.53,483.84 2 1
github.com/VerifiedOrganic/onboard/internal/providers/builtin.go:483.84,485.4 1 0
[...]
github.com/VerifiedOrganic/onboard/internal/server/tools_routes.go:570.2,572.29 3 1
github.com/VerifiedOrganic/onboard/internal/server/tools_routes.go:572.29,574.3 1 0
github.com/VerifiedOrganic/onboard/internal/server/tools_routes.go:575.2,577.26 3 1
github.com/VerifiedOrganic/onboard/internal/server/tools_routes.go:577.26,578.50 1 1
github.com/VerifiedOrganic/onboard/internal/server/tools_routes.go:578.50,580.4 1 1
github.com/VerifiedOrganic/onboard/internal/server/tools_routes.go:582.2,582.44 1 1
github.com/VerifiedOrganic/onboard/internal/server/tools_routes.go:585.48,587.13 2 1
github.com/VerifiedOrganic/onboard/internal/server/tools_routes.go:587.13,589.3 1 0
github.com/VerifiedOrganic/onboard/internal/server/tools_routes.go:590.2,594.33 5 1
github.com/VerifiedOrganic/onboard/internal/server/tools_routes.go:594.33,596.3 1 0
github.com/VerifiedOrganic/onboard/internal/server/tools_routes.go:597.2,599.26 3 1
github.com/VerifiedOrganic/onboard/internal/server/tools_routes.go:599.26,600.50 1 1
github.com/VerifiedOrganic/onboard/internal/server/tools_routes.go:600.50,602.4 1 1
github.com/VerifiedOrganic/onboard/internal/server/tools_routes.go:604.2,604.26 1 1
github.com/VerifiedOrganic/onboard/internal/server/tools_routes.go:604.26,606.3 1 0
github.com/VerifiedOrganic/onboard/internal/server/tools_routes.go:607.2,607.44 1 1
github.com/VerifiedOrganic/onboard/internal/server/tools_routes.go:610.44,612.13 2 0
github.com/VerifiedOrganic/onboard/internal/server/tools_routes.go:612.13,614.3 1 0
github.com/VerifiedOrganic/onboard/internal/server/tools_routes.go:615.2,621.34 7 0
github.com/VerifiedOrganic/onboard/internal/server/tools_routes.go:621.34,623.3 1 0
github.com/VerifiedOrganic/onboard/internal/server/tools_routes.go:624.2,624.36 1 0
github.com/VerifiedOrganic/onboard/internal/server/tools_routes.go:627.49,631.26 4 1
github.com/VerifiedOrganic/onboard/internal/server/tools_routes.go:631.26,634.58 1 1
github.com/VerifiedOrganic/onboard/internal/server/tools_routes.go:634.58,636.4 1 1
github.com/VerifiedOrganic/onboard/internal/server/tools_routes.go:638.2,638.23 1 1
github.com/VerifiedOrganic/onboard/internal/server/tools_routes.go:638.23,640.3 1 0
github.com/VerifiedOrganic/onboard/internal/server/tools_routes.go:641.2,641.16 1 1
github.com/VerifiedOrganic/onboard/internal/server/tools_routes.go:644.35,646.2 1 1
github.com/VerifiedOrganic/onboard/internal/server/tools_routes.go:648.46,650.13 2 1
github.com/VerifiedOrganic/onboard/internal/server/tools_routes.go:650.13,652.3 1 0
github.com/VerifiedOrganic/onboard/internal/server/tools_routes.go:653.2,653.50 1 1
github.com/VerifiedOrganic/onboard/internal/server/tools_routes.go:653.50,655.3 1 0
github.com/VerifiedOrganic/onboard/internal/server/tools_routes.go:656.2,656.48 1 1
github.com/VerifiedOrganic/onboard/internal/server/tools_routes.go:656.48,658.208 2 0
github.com/VerifiedOrganic/onboard/internal/server/tools_routes.go:658.208,660.4 1 0
github.com/VerifiedOrganic/onboard/internal/server/tools_routes.go:662.2,662.13 1 1
github.com/VerifiedOrganic/onboard/internal/server/tools_routes.go:665.38,667.42 2 1
github.com/VerifiedOrganic/onboard/internal/server/tools_routes.go:667.42,669.14 2 1
github.com/VerifiedOrganic/onboard/internal/server/tools_routes.go:669.14,671.4 1 1
github.com/VerifiedOrganic/onboard/internal/server/tools_routes.go:673.2,673.12 1 1
github.com/VerifiedOrganic/onboard/internal/server/tools_routes.go:676.42,678.2 1 1
github.com/VerifiedOrganic/onboard/internal/server/tools_routes.go:680.40,684.114 1 1
github.com/VerifiedOrganic/onboard/internal/server/tools_routes.go:684.114,687.3 2 1
github.com/VerifiedOrganic/onboard/internal/server/tools_schema.go:53.77,56.16 3 1
github.com/VerifiedOrganic/onboard/internal/server/tools_schema.go:56.16,58.3 1 0
github.com/VerifiedOrganic/onboard/internal/server/tools_schema.go:60.2,62.77 3 1
github.com/VerifiedOrganic/onboard/internal/server/tools_schema.go:62.77,63.18 1 1
github.com/VerifiedOrganic/onboard/internal/server/tools_schema.go:63.18,65.4 1 0
github.com/VerifiedOrganic/onboard/internal/server/tools_schema.go:66.3,66.16 1 1
github.com/VerifiedOrganic/onboard/internal/server/tools_schema.go:66.16,67.44 1 1
github.com/VerifiedOrganic/onboard/internal/server/tools_schema.go:67.44,69.5 1 0
github.com/VerifiedOrganic/onboard/internal/server/tools_schema.go:70.4,70.14 1 1
github.com/VerifiedOrganic/onboard/internal/server/tools_schema.go:72.3,72.60 1 1
github.com/VerifiedOrganic/onboard/internal/server/tools_schema.go:72.60,74.4 1 0
github.com/VerifiedOrganic/onboard/internal/server/tools_schema.go:75.3,75.32 1 1
github.com/VerifiedOrganic/onboard/internal/server/tools_schema.go:75.32,77.4 1 0
github.com/VerifiedOrganic/onboard/internal/server/tools_schema.go:78.3,80.18 3 1
github.com/VerifiedOrganic/onboard/internal/server/tools_schema.go:80.18,82.4 1 0
github.com/VerifiedOrganic/onboard/internal/server/tools_schema.go:83.3,85.26 3 1
github.com/VerifiedOrganic/onboard/internal/server/tools_schema.go:85.26,86.20 1 1
github.com/VerifiedOrganic/onboard/internal/server/tools_schema.go:86.20,87.13 1 0
github.com/VerifiedOrganic/onboard/internal/server/tools_schema.go:89.4,90.42 2 1
github.com/VerifiedOrganic/onboard/internal/server/tools_schema.go:92.3,93.13 2 1
github.com/VerifiedOrganic/onboard/internal/server/tools_schema.go:96.2,96.28 1 1
github.com/VerifiedOrganic/onboard/internal/server/tools_schema.go:96.28,99.3 2 1
github.com/VerifiedOrganic/onboard/internal/server/tools_schema.go:102.2,103.47 2 1
github.com/VerifiedOrganic/onboard/internal/server/tools_schema.go:103.47,103.101 1 1
github.com/VerifiedOrganic/onboard/internal/server/tools_schema.go:104.2,106.17 3 1
github.com/VerifiedOrganic/onboard/internal/server/tools_schema.go:112.85,115.25 3 1
github.com/VerifiedOrganic/onboard/internal/server/tools_schema.go:115.25,118.50 3 1
github.com/VerifiedOrganic/onboard/internal/server/tools_schema.go:118.50,119.12 1 1
github.com/VerifiedOrganic/onboard/internal/server/tools_schema.go:121.3,122.23 2 1
github.com/VerifiedOrganic/onboard/internal/server/tools_schema.go:124.2,124.38 1 1
github.com/VerifiedOrganic/onboard/internal/server/tools_schema.go:124.38,125.33 1 0
github.com/VerifiedOrganic/onboard/internal/server/tools_schema.go:125.33,127.4 1 0
github.com/VerifiedOrganic/onboard/internal/server/tools_schema.go:128.3,128.31 1 0
github.com/VerifiedOrganic/onboard/internal/server/tools_schema.go:130.2,130.12 1 1
github.com/VerifiedOrganic/onboard/internal/server/tools_schema.go:136.63,139.29 3 1
github.com/VerifiedOrganic/onboard/internal/server/tools_schema.go:139.29,141.31 2 1
github.com/VerifiedOrganic/onboard/internal/server/tools_schema.go:141.31,143.17 2 1
github.com/VerifiedOrganic/onboard/internal/server/tools_schema.go:143.17,145.5 1 0
github.com/VerifiedOrganic/onboard/internal/server/tools_schema.go:146.4,147.11 2 1
github.com/VerifiedOrganic/onboard/internal/server/tools_schema.go:148.22,149.19 1 0
github.com/VerifiedOrganic/onboard/internal/server/tools_schema.go:150.14,151.16 1 1
github.com/VerifiedOrganic/onboard/internal/server/tools_schema.go:152.14,153.16 1 1
github.com/VerifiedOrganic/onboard/internal/server/tools_schema.go:155.4,155.75 1 1
github.com/VerifiedOrganic/onboard/internal/server/tools_schema.go:157.3,157.25 1 1
github.com/VerifiedOrganic/onboard/internal/server/tools_schema.go:159.2,159.25 1 1
github.com/VerifiedOrganic/onboard/internal/server/tools_schema.go:159.25,161.18 2 1
github.com/VerifiedOrganic/onboard/internal/server/tools_schema.go:161.18,163.4 1 0
github.com/VerifiedOrganic/onboard/internal/server/tools_schema.go:164.3,164.95 1 1
github.com/VerifiedOrganic/onboard/internal/server/tools_schema.go:166.2,166.19 1 1
github.com/VerifiedOrganic/onboard/internal/server/tools_schema.go:170.32,172.39 2 1
github.com/VerifiedOrganic/onboard/internal/server/tools_schema.go:172.39,173.87 1 1
github.com/VerifiedOrganic/onboard/internal/server/tools_schema.go:173.87,175.4 1 1
github.com/VerifiedOrganic/onboard/internal/server/tools_schema.go:176.3,176.13 1 1
github.com/VerifiedOrganic/onboard/internal/server/tools_schema.go:180.40,184.114 1 1
github.com/VerifiedOrganic/onboard/internal/server/tools_schema.go:184.114,187.3 2 0
github.com/VerifiedOrganic/onboard/internal/server/tools_skills.go:31.40,35.119 1 1
github.com/VerifiedOrganic/onboard/internal/server/tools_skills.go:35.119,37.17 2 1
github.com/VerifiedOrganic/onboard/internal/server/tools_skills.go:37.17,39.4 1 0
github.com/VerifiedOrganic/onboard/internal/server/tools_skills.go:40.3,41.26 2 1
github.com/VerifiedOrganic/onboard/internal/server/tools_skills.go:41.26,43.4 1 1
github.com/VerifiedOrganic/onboard/internal/server/tools_skills.go:44.3,44.23 1 1
github.com/VerifiedOrganic/onboard/internal/server/tools_skills.go:47.2,50.116 1 1
github.com/VerifiedOrganic/onboard/internal/server/tools_skills.go:50.116,52.17 2 1
github.com/VerifiedOrganic/onboard/internal/server/tools_skills.go:52.17,54.4 1 0
github.com/VerifiedOrganic/onboard/internal/server/tools_skills.go:55.3,56.17 2 1
github.com/VerifiedOrganic/onboard/internal/server/tools_skills.go:56.17,58.4 1 0
github.com/VerifiedOrganic/onboard/internal/server/tools_skills.go:59.3,59.67 1 1
github.com/VerifiedOrganic/onboard/internal/server/tools_stacks.go:71.40,75.112 1 1
github.com/VerifiedOrganic/onboard/internal/server/tools_stacks.go:75.112,78.3 2 1
github.com/VerifiedOrganic/onboard/internal/server/tools_stacks.go:81.58,84.16 3 1
github.com/VerifiedOrganic/onboard/internal/server/tools_stacks.go:84.16,86.3 1 0
github.com/VerifiedOrganic/onboard/internal/server/tools_stacks.go:88.2,91.76 3 1
github.com/VerifiedOrganic/onboard/internal/server/tools_stacks.go:91.76,92.17 1 1
github.com/VerifiedOrganic/onboard/internal/server/tools_stacks.go:92.17,94.4 1 0
github.com/VerifiedOrganic/onboard/internal/server/tools_stacks.go:95.3,95.16 1 1
github.com/VerifiedOrganic/onboard/internal/server/tools_stacks.go:95.16,96.44 1 1
github.com/VerifiedOrganic/onboard/internal/server/tools_stacks.go:96.44,98.5 1 0
github.com/VerifiedOrganic/onboard/internal/server/tools_stacks.go:99.4,99.14 1 1
github.com/VerifiedOrganic/onboard/internal/server/tools_stacks.go:101.3,105.31 4 1
github.com/VerifiedOrganic/onboard/internal/server/tools_stacks.go:105.31,106.36 1 1
github.com/VerifiedOrganic/onboard/internal/server/tools_stacks.go:106.36,109.5 2 0
github.com/VerifiedOrganic/onboard/internal/server/tools_stacks.go:110.4,110.53 1 1
github.com/VerifiedOrganic/onboard/internal/server/tools_stacks.go:110.53,112.5 1 1
github.com/VerifiedOrganic/onboard/internal/server/tools_stacks.go:113.4,113.14 1 1
github.com/VerifiedOrganic/onboard/internal/server/tools_stacks.go:116.3,117.37 2 1
github.com/VerifiedOrganic/onboard/internal/server/tools_stacks.go:117.37,120.40 3 1
github.com/VerifiedOrganic/onboard/internal/server/tools_stacks.go:120.40,122.5 1 0
github.com/VerifiedOrganic/onboard/internal/server/tools_stacks.go:123.4,124.19 2 1
github.com/VerifiedOrganic/onboard/internal/server/tools_stacks.go:124.19,126.5 1 0
github.com/VerifiedOrganic/onboard/internal/server/tools_stacks.go:127.4,127.66 1 1
github.com/VerifiedOrganic/onboard/internal/server/tools_stacks.go:127.66,129.5 1 1
github.com/VerifiedOrganic/onboard/internal/server/tools_stacks.go:131.3,131.13 1 1
github.com/VerifiedOrganic/onboard/internal/server/tools_stacks.go:134.2,134.36 1 1
github.com/VerifiedOrganic/onboard/internal/server/tools_stacks.go:134.36,135.35 1 1
github.com/VerifiedOrganic/onboard/internal/server/tools_stacks.go:135.35,137.9 2 0
github.com/VerifiedOrganic/onboard/internal/server/tools_stacks.go:141.3,141.34 1 1
github.com/VerifiedOrganic/onboard/internal/server/tools_stacks.go:141.34,142.12 1 0
github.com/VerifiedOrganic/onboard/internal/server/tools_stacks.go:144.3,145.90 2 1
github.com/VerifiedOrganic/onboard/internal/server/tools_stacks.go:145.90,147.61 2 1
github.com/VerifiedOrganic/onboard/internal/server/tools_stacks.go:147.61,149.63 2 1
github.com/VerifiedOrganic/onboard/internal/server/tools_stacks.go:149.63,151.62 2 1
github.com/VerifiedOrganic/onboard/internal/server/tools_stacks.go:151.62,153.7 1 0
github.com/VerifiedOrganic/onboard/internal/server/tools_stacks.go:155.10,155.44 1 0
github.com/VerifiedOrganic/onboard/internal/server/tools_stacks.go:155.44,157.5 1 0
github.com/VerifiedOrganic/onboard/internal/server/tools_stacks.go:159.3,159.40 1 1
github.com/VerifiedOrganic/onboard/internal/server/tools_stacks.go:162.2,162.45 1 1
github.com/VerifiedOrganic/onboard/internal/server/tools_stacks.go:162.45,162.95 1 1
github.com/VerifiedOrganic/onboard/internal/server/tools_stacks.go:163.2,165.9 2 1
github.com/VerifiedOrganic/onboard/internal/server/tools_stacks.go:166.31,167.203 1 1
github.com/VerifiedOrganic/onboard/internal/server/tools_stacks.go:168.22,169.135 1 1
github.com/VerifiedOrganic/onboard/internal/server/tools_stacks.go:170.10,171.223 1 1
github.com/VerifiedOrganic/onboard/internal/server/tools_stacks.go:173.2,173.17 1 1
github.com/VerifiedOrganic/onboard/internal/server/tools_stacks.go:176.54,177.27 1 1
github.com/VerifiedOrganic/onboard/internal/server/tools_stacks.go:177.27,178.20 1 1
github.com/VerifiedOrganic/onboard/internal/server/tools_stacks.go:178.20,180.4 1 0
github.com/VerifiedOrganic/onboard/internal/server/tools_stacks.go:182.2,182.14 1 1
github.com/VerifiedOrganic/onboard/internal/server/tools_stacks.go:189.61,191.16 2 1
github.com/VerifiedOrganic/onboard/internal/server/tools_stacks.go:191.16,193.3 1 0
github.com/VerifiedOrganic/onboard/internal/server/tools_stacks.go:194.2,198.62 3 1
github.com/VerifiedOrganic/onboard/internal/server/tools_stacks.go:198.62,200.61 2 1
github.com/VerifiedOrganic/onboard/internal/server/tools_stacks.go:200.61,202.4 1 1
github.com/VerifiedOrganic/onboard/internal/server/tools_stacks.go:206.2,206.65 1 1
github.com/VerifiedOrganic/onboard/internal/server/tools_stacks.go:206.65,208.68 2 1
github.com/VerifiedOrganic/onboard/internal/server/tools_stacks.go:208.68,210.4 1 1
github.com/VerifiedOrganic/onboard/internal/server/tools_stacks.go:214.2,214.64 1 1
github.com/VerifiedOrganic/onboard/internal/server/tools_stacks.go:214.64,215.63 1 1
github.com/VerifiedOrganic/onboard/internal/server/tools_stacks.go:215.63,217.37 2 1
github.com/VerifiedOrganic/onboard/internal/server/tools_stacks.go:217.37,219.5 1 1
github.com/VerifiedOrganic/onboard/internal/server/tools_stacks.go:224.2,226.37 3 1
github.com/VerifiedOrganic/onboard/internal/server/tools_stacks.go:226.37,228.3 1 1
github.com/VerifiedOrganic/onboard/internal/server/tools_stacks.go:229.2,229.36 1 1
github.com/VerifiedOrganic/onboard/internal/server/tools_stacks.go:229.36,231.18 2 1
github.com/VerifiedOrganic/onboard/internal/server/tools_stacks.go:231.18,232.12 1 0
github.com/VerifiedOrganic/onboard/internal/server/tools_stacks.go:234.3,235.25 2 1
github.com/VerifiedOrganic/onboard/internal/server/tools_stacks.go:235.25,237.4 1 1
github.com/VerifiedOrganic/onboard/internal/server/tools_stacks.go:238.3,238.39 1 1
github.com/VerifiedOrganic/onboard/internal/server/tools_stacks.go:238.39,240.4 1 1
github.com/VerifiedOrganic/onboard/internal/server/tools_stacks.go:242.2,242.29 1 1
github.com/VerifiedOrganic/onboard/internal/server/tools_stacks.go:242.29,244.3 1 1
github.com/VerifiedOrganic/onboard/internal/server/tools_stacks.go:245.2,248.19 4 1
github.com/VerifiedOrganic/onboard/internal/server/tools_stacks.go:253.52,255.16 2 1
github.com/VerifiedOrganic/onboard/internal/server/tools_stacks.go:255.16,257.3 1 1
github.com/VerifiedOrganic/onboard/internal/server/tools_stacks.go:258.2,259.61 2 1
github.com/VerifiedOrganic/onboard/internal/server/tools_stacks.go:259.61,261.3 1 1
github.com/VerifiedOrganic/onboard/internal/server/tools_stacks.go:262.2,262.58 1 1
github.com/VerifiedOrganic/onboard/internal/server/tools_stacks.go:262.58,264.3 1 1
github.com/VerifiedOrganic/onboard/internal/server/tools_stacks.go:265.2,265.21 1 1
github.com/VerifiedOrganic/onboard/internal/server/tools_stacks.go:269.36,271.16 2 1
github.com/VerifiedOrganic/onboard/internal/server/tools_stacks.go:271.16,273.3 1 1
github.com/VerifiedOrganic/onboard/internal/server/tools_stacks.go:274.2,277.49 4 1
github.com/VerifiedOrganic/onboard/internal/server/tools_stacks.go:277.49,279.17 2 1
github.com/VerifiedOrganic/onboard/internal/server/tools_stacks.go:279.17,280.49 1 1
github.com/VerifiedOrganic/onboard/internal/server/tools_stacks.go:280.49,282.25 2 1
github.com/VerifiedOrganic/onboard/internal/server/tools_stacks.go:282.25,284.6 1 1
github.com/VerifiedOrganic/onboard/internal/server/tools_stacks.go:287.3,289.16 3 1
github.com/VerifiedOrganic/onboard/internal/server/tools_stacks.go:289.16,291.4 1 0
github.com/VerifiedOrganic/onboard/internal/server/tools_stacks.go:293.2,293.14 1 1
github.com/VerifiedOrganic/onboard/internal/server/tools_stacks.go:296.32,297.13 1 1
github.com/VerifiedOrganic/onboard/internal/server/tools_stacks.go:297.13,299.3 1 0
github.com/VerifiedOrganic/onboard/internal/server/tools_stacks.go:300.2,300.22 1 1
github.com/VerifiedOrganic/onboard/internal/server/tools_stacks.go:300.22,301.10 1 1
github.com/VerifiedOrganic/onboard/internal/server/tools_stacks.go:302.61,302.61 0 1
github.com/VerifiedOrganic/onboard/internal/server/tools_stacks.go:303.39,304.14 1 0
github.com/VerifiedOrganic/onboard/internal/server/tools_stacks.go:304.14,306.5 1 0
github.com/VerifiedOrganic/onboard/internal/server/tools_stacks.go:307.11,308.16 1 0
github.com/VerifiedOrganic/onboard/internal/server/tools_stacks.go:311.2,311.13 1 1
github.com/VerifiedOrganic/onboard/internal/server/tools_stacks.go:316.61,318.47 2 1
github.com/VerifiedOrganic/onboard/internal/server/tools_stacks.go:318.47,323.15 5 1
github.com/VerifiedOrganic/onboard/internal/server/tools_stacks.go:323.15,325.4 1 0
github.com/VerifiedOrganic/onboard/internal/server/tools_stacks.go:326.3,326.17 1 1
github.com/VerifiedOrganic/onboard/internal/server/tools_stacks.go:328.2,328.31 1 1
github.com/VerifiedOrganic/onboard/internal/server/tools_stacks.go:328.31,330.3 1 0
github.com/VerifiedOrganic/onboard/internal/server/tools_stacks.go:331.2,331.88 1 1
github.com/VerifiedOrganic/onboard/internal/server/tools_stacks.go:331.88,334.38 3 0
github.com/VerifiedOrganic/onboard/internal/server/tools_stacks.go:334.38,336.4 1 0
github.com/VerifiedOrganic/onboard/internal/server/tools_stacks.go:337.3,337.22 1 0
github.com/VerifiedOrganic/onboard/internal/server/tools_stacks.go:339.2,339.19 1 1
github.com/VerifiedOrganic/onboard/internal/server/tools_stacks.go:344.62,345.62 1 1
github.com/VerifiedOrganic/onboard/internal/server/tools_stacks.go:345.62,347.17 2 1
github.com/VerifiedOrganic/onboard/internal/server/tools_stacks.go:347.17,348.68 1 0
github.com/VerifiedOrganic/onboard/internal/server/tools_stacks.go:348.68,350.5 1 0
github.com/VerifiedOrganic/onboard/internal/server/tools_stacks.go:351.4,351.63 1 0
github.com/VerifiedOrganic/onboard/internal/server/tools_stacks.go:353.3,353.50 1 1
github.com/VerifiedOrganic/onboard/internal/server/tools_stacks.go:355.2,355.94 1 0
github.com/VerifiedOrganic/onboard/internal/server/tools_stacks.go:355.94,357.39 2 0
github.com/VerifiedOrganic/onboard/internal/server/tools_stacks.go:357.39,359.4 1 0
github.com/VerifiedOrganic/onboard/internal/server/tools_stacks.go:361.2,361.11 1 0
github.com/VerifiedOrganic/onboard/internal/server/tools_stacks.go:366.61,368.31 2 1
github.com/VerifiedOrganic/onboard/internal/server/tools_stacks.go:368.31,371.17 3 1
github.com/VerifiedOrganic/onboard/internal/server/tools_stacks.go:371.17,373.4 1 1
github.com/VerifiedOrganic/onboard/internal/server/tools_stacks.go:374.3,374.103 1 1
github.com/VerifiedOrganic/onboard/internal/server/tools_stacks.go:374.103,376.4 1 1
github.com/VerifiedOrganic/onboard/internal/server/tools_stacks.go:377.3,377.17 1 1
github.com/VerifiedOrganic/onboard/internal/server/tools_stacks.go:377.17,378.9 1 0
github.com/VerifiedOrganic/onboard/internal/server/tools_stacks.go:381.2,381.11 1 0
